[INFO] Scanning for projects...
[INFO] ------------------------------------------------------------------------
[INFO] Reactor Build Order:
[INFO] 
[INFO] ZXing                                                              [pom]
[INFO] ZXing Core                                                         [jar]
[INFO] ZXing Java SE extensions                                           [jar]
[INFO] ZXing zxing.org web app                                            [war]
[INFO] 
[INFO] -------------------< com.google.zxing:zxing-parent >--------------------
[INFO] Building ZXing 3.5.4-SNAPSHOT                                      [1/4]
[INFO]   from pom.xml
[INFO] --------------------------------[ pom ]---------------------------------
[INFO] 
[INFO] --- clean:3.3.2:clean (default-clean) @ zxing-parent ---
[INFO] Deleting C:\Users\Henrique\Documents\Github\reimo\pilot\data\repositories\zxing-master\target
[INFO] Deleting C:\Users\Henrique\Documents\Github\reimo\pilot\data\repositories\zxing-master (includes = [**/classes/**, **/gwt-unitCache/**, **/webapp/generator/**, **/WEB-INF/deploy/**], excludes = [])
[INFO] 
[INFO] --- enforcer:3.4.1:enforce (enforce) @ zxing-parent ---
[INFO] Rule 0: org.apache.maven.enforcer.rules.dependency.RequireUpperBoundDeps passed
[INFO] Rule 1: org.apache.maven.enforcer.rules.dependency.DependencyConvergence passed
[INFO] Rule 2: org.apache.maven.enforcer.rules.version.RequireMavenVersion passed
[INFO] Rule 3: org.apache.maven.enforcer.rules.version.RequireJavaVersion passed
[INFO] 
[INFO] --- checkstyle:3.3.1:check (validate) @ zxing-parent ---
[INFO] 
[INFO] --- javadoc:3.6.3:jar (attach-javadocs) @ zxing-parent ---
[INFO] Not executing Javadoc as the project is not a Java classpath-capable package
[INFO] 
[INFO] --- source:3.3.0:jar-no-fork (attach-sources) @ zxing-parent ---
[INFO] 
[INFO] >>> clirr:2.8:check (check-api) > compile @ zxing-parent >>>
[INFO] 
[INFO] --- enforcer:3.4.1:enforce (enforce) @ zxing-parent ---
[INFO] Rule 0: org.apache.maven.enforcer.rules.dependency.RequireUpperBoundDeps passed
[INFO] Rule 1: org.apache.maven.enforcer.rules.dependency.DependencyConvergence passed
[INFO] 
[INFO] --- checkstyle:3.3.1:check (validate) @ zxing-parent ---
[INFO] 
[INFO] <<< clirr:2.8:check (check-api) < compile @ zxing-parent <<<
[INFO] 
[INFO] 
[INFO] --- clirr:2.8:check (check-api) @ zxing-parent ---
[INFO] Not generating Clirr report as there are no classes generated by the project
[INFO] 
[INFO] --- apache-rat:0.16:check (default) @ zxing-parent ---
[INFO] Rat check: Summary over all files. Unapproved: 2, unknown: 2, generated: 0, approved: 162 licenses.
[WARNING] Files with unapproved licenses:
  android/res/values-nb
  sonar.bat

[WARNING] Rat check: 2 files with unapproved licenses. See RAT report in: C:\Users\Henrique\Documents\Github\reimo\pilot\data\repositories\zxing-master\target\rat.txt
[INFO] 
[INFO] --- install:3.1.1:install (default-install) @ zxing-parent ---
[INFO] Installing C:\Users\Henrique\Documents\Github\reimo\pilot\data\repositories\zxing-master\pom.xml to C:\Users\Henrique\.m2\repository\com\google\zxing\zxing-parent\3.5.4-SNAPSHOT\zxing-parent-3.5.4-SNAPSHOT.pom
[INFO] 
[INFO] -----------------------< com.google.zxing:core >------------------------
[INFO] Building ZXing Core 3.5.4-SNAPSHOT                                 [2/4]
[INFO]   from core\pom.xml
[INFO] --------------------------------[ jar ]---------------------------------
[INFO] 
[INFO] --- clean:3.3.2:clean (default-clean) @ core ---
[INFO] Deleting C:\Users\Henrique\Documents\Github\reimo\pilot\data\repositories\zxing-master\core\target
[INFO] Deleting C:\Users\Henrique\Documents\Github\reimo\pilot\data\repositories\zxing-master\core (includes = [**/classes/**, **/gwt-unitCache/**, **/webapp/generator/**, **/WEB-INF/deploy/**], excludes = [])
[INFO] 
[INFO] --- enforcer:3.4.1:enforce (enforce) @ core ---
[INFO] Rule 0: org.apache.maven.enforcer.rules.dependency.RequireUpperBoundDeps passed
[INFO] Rule 1: org.apache.maven.enforcer.rules.dependency.DependencyConvergence passed
[INFO] 
[INFO] --- checkstyle:3.3.1:check (validate) @ core ---
[INFO] 
[INFO] --- resources:3.3.1:resources (default-resources) @ core ---
[INFO] skip non existing resourceDirectory C:\Users\Henrique\Documents\Github\reimo\pilot\data\repositories\zxing-master\core\src\main\resources
[INFO] 
[INFO] --- compiler:3.12.1:compile (default-compile) @ core ---
[INFO] Recompiling the module because of changed source code.
[INFO] Compiling 238 source files with javac [debug target 1.8] to target\classes
[WARNING] bootstrap class path not set in conjunction with -source 8
[INFO] 
[INFO] --- bnd:6.4.0:bnd-process (default) @ core ---
[INFO] 
[INFO] --- resources:3.3.1:testResources (default-testResources) @ core ---
[INFO] Copying 2408 resources from src\test\resources to target\test-classes
[INFO] 
[INFO] --- compiler:3.12.1:testCompile (default-testCompile) @ core ---
[INFO] Recompiling the module because of changed dependency.
[INFO] Compiling 141 source files with javac [debug target 1.8] to target\test-classes
[WARNING] bootstrap class path not set in conjunction with -source 8
[WARNING] /C:/Users/Henrique/Documents/Github/reimo/pilot/data/repositories/zxing-master/core/src/test/java/com/google/zxing/pdf417/decoder/PDF417DecoderTestCase.java:[108,30] getOptionalData() in com.google.zxing.pdf417.PDF417ResultMetadata has been deprecated
[WARNING] /C:/Users/Henrique/Documents/Github/reimo/pilot/data/repositories/zxing-master/core/src/test/java/com/google/zxing/pdf417/decoder/PDF417DecoderTestCase.java:[162,30] getOptionalData() in com.google.zxing.pdf417.PDF417ResultMetadata has been deprecated
[INFO] 
[INFO] --- surefire:3.2.5:test (default-test) @ core ---
[INFO] Using auto detected provider org.apache.maven.surefire.junit4.JUnit4Provider
[INFO] 
[INFO] -------------------------------------------------------
[INFO]  T E S T S
[INFO] -------------------------------------------------------
[INFO] Running com.google.zxing.aztec.AztecBlackBox1TestCase
[INFO] Running com.google.zxing.aztec.AztecBlackBox2TestCase
[INFO] Running com.google.zxing.aztec.decoder.DecoderTest
[INFO] Running com.google.zxing.aztec.detector.DetectorTest
[INFO] Tests run: 6, Failures: 0, Errors: 0, Skipped: 0, Time elapsed: 0.182 s -- in com.google.zxing.aztec.decoder.DecoderTest
[INFO] Running com.google.zxing.aztec.encoder.EncoderTest
[INFO] Tests run: 3, Failures: 0, Errors: 0, Skipped: 0, Time elapsed: 0.668 s -- in com.google.zxing.aztec.detector.DetectorTest
[INFO] Running com.google.zxing.client.result.AddressBookParsedResultTestCase
[INFO] Tests run: 14, Failures: 0, Errors: 0, Skipped: 0, Time elapsed: 0.093 s -- in com.google.zxing.client.result.AddressBookParsedResultTestCase
[INFO] Running com.google.zxing.client.result.CalendarParsedResultTestCase
[INFO] Tests run: 20, Failures: 0, Errors: 0, Skipped: 0, Time elapsed: 0.605 s -- in com.google.zxing.aztec.encoder.EncoderTest
[INFO] Tests run: 13, Failures: 0, Errors: 0, Skipped: 0, Time elapsed: 0.032 s -- in com.google.zxing.client.result.CalendarParsedResultTestCase
[INFO] Running com.google.zxing.client.result.ExpandedProductParsedResultTestCase
[INFO] Running com.google.zxing.client.result.EmailAddressParsedResultTestCase
[INFO] Tests run: 7, Failures: 0, Errors: 0, Skipped: 0, Time elapsed: 0.006 s -- in com.google.zxing.client.result.EmailAddressParsedResultTestCase
[INFO] Running com.google.zxing.client.result.GeoParsedResultTestCase
[INFO] Tests run: 1, Failures: 0, Errors: 0, Skipped: 0, Time elapsed: 0.003 s -- in com.google.zxing.client.result.GeoParsedResultTestCase
[INFO] Running com.google.zxing.client.result.ISBNParsedResultTestCase
[INFO] Tests run: 1, Failures: 0, Errors: 0, Skipped: 0, Time elapsed: 0 s -- in com.google.zxing.client.result.ISBNParsedResultTestCase
[INFO] Running com.google.zxing.client.result.ParsedReaderResultTestCase
[INFO] Tests run: 21, Failures: 0, Errors: 0, Skipped: 0, Time elapsed: 0.038 s -- in com.google.zxing.client.result.ParsedReaderResultTestCase
[INFO] Running com.google.zxing.client.result.ProductParsedResultTestCase
[INFO] Tests run: 1, Failures: 0, Errors: 0, Skipped: 0, Time elapsed: 0 s -- in com.google.zxing.client.result.ProductParsedResultTestCase
[INFO] Running com.google.zxing.client.result.SMSMMSParsedResultTestCase
[INFO] Tests run: 2, Failures: 0, Errors: 0, Skipped: 0, Time elapsed: 0 s -- in com.google.zxing.client.result.SMSMMSParsedResultTestCase
[INFO] Running com.google.zxing.client.result.TelParsedResultTestCase
[INFO] Tests run: 1, Failures: 0, Errors: 0, Skipped: 0, Time elapsed: 0.002 s -- in com.google.zxing.client.result.TelParsedResultTestCase
[INFO] Running com.google.zxing.client.result.URIParsedResultTestCase
[INFO] Tests run: 1, Failures: 0, Errors: 0, Skipped: 0, Time elapsed: 0.111 s -- in com.google.zxing.client.result.ExpandedProductParsedResultTestCase
[INFO] Tests run: 8, Failures: 0, Errors: 0, Skipped: 0, Time elapsed: 0.008 s -- in com.google.zxing.client.result.URIParsedResultTestCase
[INFO] Running com.google.zxing.client.result.VINParsedResultTestCase
[INFO] Tests run: 2, Failures: 0, Errors: 0, Skipped: 0, Time elapsed: 0 s -- in com.google.zxing.client.result.VINParsedResultTestCase
[INFO] Running com.google.zxing.common.BitArrayTestCase
[INFO] Tests run: 15, Failures: 0, Errors: 0, Skipped: 0, Time elapsed: 0 s -- in com.google.zxing.common.BitArrayTestCase
[INFO] Running com.google.zxing.common.BitMatrixTestCase
[INFO] Running com.google.zxing.client.result.WifiParsedResultTestCase
[INFO] Tests run: 4, Failures: 0, Errors: 0, Skipped: 0, Time elapsed: 0.009 s -- in com.google.zxing.client.result.WifiParsedResultTestCase
[INFO] Tests run: 14, Failures: 0, Errors: 0, Skipped: 0, Time elapsed: 0.022 s -- in com.google.zxing.common.BitMatrixTestCase
[INFO] Running com.google.zxing.common.BitSourceTestCase
[INFO] Running com.google.zxing.common.detector.MathUtilsTestCase
[INFO] Tests run: 3, Failures: 0, Errors: 0, Skipped: 0, Time elapsed: 0.004 s -- in com.google.zxing.common.detector.MathUtilsTestCase
[INFO] Running com.google.zxing.common.PerspectiveTransformTestCase
[INFO] Tests run: 1, Failures: 0, Errors: 0, Skipped: 0, Time elapsed: 0.013 s -- in com.google.zxing.common.BitSourceTestCase
[INFO] Running com.google.zxing.common.reedsolomon.GenericGFPolyTestCase
[INFO] Tests run: 2, Failures: 0, Errors: 0, Skipped: 0, Time elapsed: 0.002 s -- in com.google.zxing.common.PerspectiveTransformTestCase
[INFO] Running com.google.zxing.common.reedsolomon.ReedSolomonTestCase
[INFO] Tests run: 3, Failures: 0, Errors: 0, Skipped: 0, Time elapsed: 0.020 s -- in com.google.zxing.common.reedsolomon.GenericGFPolyTestCase
[INFO] Running com.google.zxing.common.StringUtilsTestCase
[INFO] Tests run: 7, Failures: 0, Errors: 0, Skipped: 0, Time elapsed: 0 s -- in com.google.zxing.common.StringUtilsTestCase
[INFO] Running com.google.zxing.datamatrix.DataMatrixBlackBox1TestCase
[INFO] Tests run: 1, Failures: 0, Errors: 0, Skipped: 0, Time elapsed: 2.330 s -- in com.google.zxing.aztec.AztecBlackBox1TestCase
[INFO] Running com.google.zxing.datamatrix.DataMatrixBlackBox2TestCase
[INFO] Tests run: 1, Failures: 0, Errors: 0, Skipped: 0, Time elapsed: 2.583 s -- in com.google.zxing.aztec.AztecBlackBox2TestCase
[INFO] Running com.google.zxing.datamatrix.DataMatrixBlackBox3TestCase
[INFO] Tests run: 1, Failures: 0, Errors: 0, Skipped: 0, Time elapsed: 1.218 s -- in com.google.zxing.datamatrix.DataMatrixBlackBox3TestCase
[INFO] Running com.google.zxing.datamatrix.DataMatrixWriterTestCase
[INFO] Tests run: 3, Failures: 0, Errors: 0, Skipped: 0, Time elapsed: 0.026 s -- in com.google.zxing.datamatrix.DataMatrixWriterTestCase
[INFO] Running com.google.zxing.datamatrix.decoder.DecodedBitStreamParserTestCase
[INFO] Tests run: 2, Failures: 0, Errors: 0, Skipped: 0, Time elapsed: 0.009 s -- in com.google.zxing.datamatrix.decoder.DecodedBitStreamParserTestCase
[INFO] Running com.google.zxing.datamatrix.encoder.ErrorCorrectionTestCase
[INFO] Tests run: 1, Failures: 0, Errors: 0, Skipped: 0, Time elapsed: 0.011 s -- in com.google.zxing.datamatrix.encoder.ErrorCorrectionTestCase
[INFO] Running com.google.zxing.datamatrix.encoder.HighLevelEncodeTestCase
[ERROR] Tests run: 23, Failures: 0, Errors: 23, Skipped: 0, Time elapsed: 0.116 s <<< FAILURE! -- in com.google.zxing.datamatrix.encoder.HighLevelEncodeTestCase
[ERROR] com.google.zxing.datamatrix.encoder.HighLevelEncodeTestCase.testC40EncodationBasic1 -- Time elapsed: 0.051 s <<< ERROR!
java.lang.IndexOutOfBoundsException: 9
	at com.google.zxing.common.MinimalECIInput.isECI(MinimalECIInput.java:160)
	at com.google.zxing.datamatrix.encoder.MinimalEncoder.addEdges(MinimalEncoder.java:203)
	at com.google.zxing.datamatrix.encoder.MinimalEncoder.encodeMinimally(MinimalEncoder.java:251)
	at com.google.zxing.datamatrix.encoder.MinimalEncoder.encode(MinimalEncoder.java:151)
	at com.google.zxing.datamatrix.encoder.MinimalEncoder.encodeHighLevel(MinimalEncoder.java:133)
	at com.google.zxing.datamatrix.encoder.MinimalEncoder.encodeHighLevel(MinimalEncoder.java:108)
	at com.google.zxing.datamatrix.encoder.HighLevelEncodeTestCase.encodeHighLevel(HighLevelEncodeTestCase.java:540)
	at com.google.zxing.datamatrix.encoder.HighLevelEncodeTestCase.encodeHighLevel(HighLevelEncodeTestCase.java:535)
	at com.google.zxing.datamatrix.encoder.HighLevelEncodeTestCase.testC40EncodationBasic1(HighLevelEncodeTestCase.java:64)
	at java.base/jdk.internal.reflect.NativeMethodAccessorImpl.invoke0(Native Method)
	at java.base/jdk.internal.reflect.NativeMethodAccessorImpl.invoke(NativeMethodAccessorImpl.java:77)
	at java.base/jdk.internal.reflect.DelegatingMethodAccessorImpl.invoke(DelegatingMethodAccessorImpl.java:43)
	at java.base/java.lang.reflect.Method.invoke(Method.java:568)
	at org.junit.runners.model.FrameworkMethod$1.runReflectiveCall(FrameworkMethod.java:59)
	at org.junit.internal.runners.model.ReflectiveCallable.run(ReflectiveCallable.java:12)
	at org.junit.runners.model.FrameworkMethod.invokeExplosively(FrameworkMethod.java:56)
	at org.junit.internal.runners.statements.InvokeMethod.evaluate(InvokeMethod.java:17)
	at org.junit.runners.ParentRunner$3.evaluate(ParentRunner.java:306)
	at org.junit.runners.BlockJUnit4ClassRunner$1.evaluate(BlockJUnit4ClassRunner.java:100)
	at org.junit.runners.ParentRunner.runLeaf(ParentRunner.java:366)
	at org.junit.runners.BlockJUnit4ClassRunner.runChild(BlockJUnit4ClassRunner.java:103)
	at org.junit.runners.BlockJUnit4ClassRunner.runChild(BlockJUnit4ClassRunner.java:63)
	at org.junit.runners.ParentRunner$4.run(ParentRunner.java:331)
	at org.junit.runners.ParentRunner$1.schedule(ParentRunner.java:79)
	at org.junit.runners.ParentRunner.runChildren(ParentRunner.java:329)
	at org.junit.runners.ParentRunner.access$100(ParentRunner.java:66)
	at org.junit.runners.ParentRunner$2.evaluate(ParentRunner.java:293)
	at org.junit.runners.ParentRunner$3.evaluate(ParentRunner.java:306)
	at org.junit.runners.ParentRunner.run(ParentRunner.java:413)
	at org.apache.maven.surefire.junit4.JUnit4Provider.execute(JUnit4Provider.java:316)
	at org.apache.maven.surefire.junit4.JUnit4Provider.executeWithRerun(JUnit4Provider.java:240)
	at org.apache.maven.surefire.junit4.JUnit4Provider.executeTestSet(JUnit4Provider.java:214)
	at org.apache.maven.surefire.junit4.JUnit4Provider.invoke(JUnit4Provider.java:155)
	at org.apache.maven.surefire.booter.ForkedBooter.runSuitesInProcess(ForkedBooter.java:385)
	at org.apache.maven.surefire.booter.ForkedBooter.execute(ForkedBooter.java:162)
	at org.apache.maven.surefire.booter.ForkedBooter.run(ForkedBooter.java:507)
	at org.apache.maven.surefire.booter.ForkedBooter.main(ForkedBooter.java:495)

[ERROR] com.google.zxing.datamatrix.encoder.HighLevelEncodeTestCase.testC40EncodationBasic2 -- Time elapsed: 0 s <<< ERROR!
java.lang.IndexOutOfBoundsException: 7
	at com.google.zxing.common.MinimalECIInput.isECI(MinimalECIInput.java:160)
	at com.google.zxing.datamatrix.encoder.MinimalEncoder.addEdges(MinimalEncoder.java:203)
	at com.google.zxing.datamatrix.encoder.MinimalEncoder.encodeMinimally(MinimalEncoder.java:251)
	at com.google.zxing.datamatrix.encoder.MinimalEncoder.encode(MinimalEncoder.java:151)
	at com.google.zxing.datamatrix.encoder.MinimalEncoder.encodeHighLevel(MinimalEncoder.java:133)
	at com.google.zxing.datamatrix.encoder.MinimalEncoder.encodeHighLevel(MinimalEncoder.java:108)
	at com.google.zxing.datamatrix.encoder.HighLevelEncodeTestCase.encodeHighLevel(HighLevelEncodeTestCase.java:540)
	at com.google.zxing.datamatrix.encoder.HighLevelEncodeTestCase.encodeHighLevel(HighLevelEncodeTestCase.java:535)
	at com.google.zxing.datamatrix.encoder.HighLevelEncodeTestCase.testC40EncodationBasic2(HighLevelEncodeTestCase.java:72)
	at java.base/jdk.internal.reflect.NativeMethodAccessorImpl.invoke0(Native Method)
	at java.base/jdk.internal.reflect.NativeMethodAccessorImpl.invoke(NativeMethodAccessorImpl.java:77)
	at java.base/jdk.internal.reflect.DelegatingMethodAccessorImpl.invoke(DelegatingMethodAccessorImpl.java:43)
	at java.base/java.lang.reflect.Method.invoke(Method.java:568)
	at org.junit.runners.model.FrameworkMethod$1.runReflectiveCall(FrameworkMethod.java:59)
	at org.junit.internal.runners.model.ReflectiveCallable.run(ReflectiveCallable.java:12)
	at org.junit.runners.model.FrameworkMethod.invokeExplosively(FrameworkMethod.java:56)
	at org.junit.internal.runners.statements.InvokeMethod.evaluate(InvokeMethod.java:17)
	at org.junit.runners.ParentRunner$3.evaluate(ParentRunner.java:306)
	at org.junit.runners.BlockJUnit4ClassRunner$1.evaluate(BlockJUnit4ClassRunner.java:100)
	at org.junit.runners.ParentRunner.runLeaf(ParentRunner.java:366)
	at org.junit.runners.BlockJUnit4ClassRunner.runChild(BlockJUnit4ClassRunner.java:103)
	at org.junit.runners.BlockJUnit4ClassRunner.runChild(BlockJUnit4ClassRunner.java:63)
	at org.junit.runners.ParentRunner$4.run(ParentRunner.java:331)
	at org.junit.runners.ParentRunner$1.schedule(ParentRunner.java:79)
	at org.junit.runners.ParentRunner.runChildren(ParentRunner.java:329)
	at org.junit.runners.ParentRunner.access$100(ParentRunner.java:66)
	at org.junit.runners.ParentRunner$2.evaluate(ParentRunner.java:293)
	at org.junit.runners.ParentRunner$3.evaluate(ParentRunner.java:306)
	at org.junit.runners.ParentRunner.run(ParentRunner.java:413)
	at org.apache.maven.surefire.junit4.JUnit4Provider.execute(JUnit4Provider.java:316)
	at org.apache.maven.surefire.junit4.JUnit4Provider.executeWithRerun(JUnit4Provider.java:240)
	at org.apache.maven.surefire.junit4.JUnit4Provider.executeTestSet(JUnit4Provider.java:214)
	at org.apache.maven.surefire.junit4.JUnit4Provider.invoke(JUnit4Provider.java:155)
	at org.apache.maven.surefire.booter.ForkedBooter.runSuitesInProcess(ForkedBooter.java:385)
	at org.apache.maven.surefire.booter.ForkedBooter.execute(ForkedBooter.java:162)
	at org.apache.maven.surefire.booter.ForkedBooter.run(ForkedBooter.java:507)
	at org.apache.maven.surefire.booter.ForkedBooter.main(ForkedBooter.java:495)

[ERROR] com.google.zxing.datamatrix.encoder.HighLevelEncodeTestCase.testTextEncodation -- Time elapsed: 0 s <<< ERROR!
java.lang.IndexOutOfBoundsException: 9
	at com.google.zxing.common.MinimalECIInput.isECI(MinimalECIInput.java:160)
	at com.google.zxing.datamatrix.encoder.MinimalEncoder.addEdges(MinimalEncoder.java:203)
	at com.google.zxing.datamatrix.encoder.MinimalEncoder.encodeMinimally(MinimalEncoder.java:251)
	at com.google.zxing.datamatrix.encoder.MinimalEncoder.encode(MinimalEncoder.java:151)
	at com.google.zxing.datamatrix.encoder.MinimalEncoder.encodeHighLevel(MinimalEncoder.java:133)
	at com.google.zxing.datamatrix.encoder.MinimalEncoder.encodeHighLevel(MinimalEncoder.java:108)
	at com.google.zxing.datamatrix.encoder.HighLevelEncodeTestCase.encodeHighLevel(HighLevelEncodeTestCase.java:540)
	at com.google.zxing.datamatrix.encoder.HighLevelEncodeTestCase.encodeHighLevel(HighLevelEncodeTestCase.java:535)
	at com.google.zxing.datamatrix.encoder.HighLevelEncodeTestCase.testTextEncodation(HighLevelEncodeTestCase.java:148)
	at java.base/jdk.internal.reflect.NativeMethodAccessorImpl.invoke0(Native Method)
	at java.base/jdk.internal.reflect.NativeMethodAccessorImpl.invoke(NativeMethodAccessorImpl.java:77)
	at java.base/jdk.internal.reflect.DelegatingMethodAccessorImpl.invoke(DelegatingMethodAccessorImpl.java:43)
	at java.base/java.lang.reflect.Method.invoke(Method.java:568)
	at org.junit.runners.model.FrameworkMethod$1.runReflectiveCall(FrameworkMethod.java:59)
	at org.junit.internal.runners.model.ReflectiveCallable.run(ReflectiveCallable.java:12)
	at org.junit.runners.model.FrameworkMethod.invokeExplosively(FrameworkMethod.java:56)
	at org.junit.internal.runners.statements.InvokeMethod.evaluate(InvokeMethod.java:17)
	at org.junit.runners.ParentRunner$3.evaluate(ParentRunner.java:306)
	at org.junit.runners.BlockJUnit4ClassRunner$1.evaluate(BlockJUnit4ClassRunner.java:100)
	at org.junit.runners.ParentRunner.runLeaf(ParentRunner.java:366)
	at org.junit.runners.BlockJUnit4ClassRunner.runChild(BlockJUnit4ClassRunner.java:103)
	at org.junit.runners.BlockJUnit4ClassRunner.runChild(BlockJUnit4ClassRunner.java:63)
	at org.junit.runners.ParentRunner$4.run(ParentRunner.java:331)
	at org.junit.runners.ParentRunner$1.schedule(ParentRunner.java:79)
	at org.junit.runners.ParentRunner.runChildren(ParentRunner.java:329)
	at org.junit.runners.ParentRunner.access$100(ParentRunner.java:66)
	at org.junit.runners.ParentRunner$2.evaluate(ParentRunner.java:293)
	at org.junit.runners.ParentRunner$3.evaluate(ParentRunner.java:306)
	at org.junit.runners.ParentRunner.run(ParentRunner.java:413)
	at org.apache.maven.surefire.junit4.JUnit4Provider.execute(JUnit4Provider.java:316)
	at org.apache.maven.surefire.junit4.JUnit4Provider.executeWithRerun(JUnit4Provider.java:240)
	at org.apache.maven.surefire.junit4.JUnit4Provider.executeTestSet(JUnit4Provider.java:214)
	at org.apache.maven.surefire.junit4.JUnit4Provider.invoke(JUnit4Provider.java:155)
	at org.apache.maven.surefire.booter.ForkedBooter.runSuitesInProcess(ForkedBooter.java:385)
	at org.apache.maven.surefire.booter.ForkedBooter.execute(ForkedBooter.java:162)
	at org.apache.maven.surefire.booter.ForkedBooter.run(ForkedBooter.java:507)
	at org.apache.maven.surefire.booter.ForkedBooter.main(ForkedBooter.java:495)

[ERROR] com.google.zxing.datamatrix.encoder.HighLevelEncodeTestCase.testASCIIEncodation -- Time elapsed: 0.013 s <<< ERROR!
java.lang.IndexOutOfBoundsException: 6
	at com.google.zxing.common.MinimalECIInput.isECI(MinimalECIInput.java:160)
	at com.google.zxing.datamatrix.encoder.MinimalEncoder.addEdges(MinimalEncoder.java:203)
	at com.google.zxing.datamatrix.encoder.MinimalEncoder.encodeMinimally(MinimalEncoder.java:251)
	at com.google.zxing.datamatrix.encoder.MinimalEncoder.encode(MinimalEncoder.java:151)
	at com.google.zxing.datamatrix.encoder.MinimalEncoder.encodeHighLevel(MinimalEncoder.java:133)
	at com.google.zxing.datamatrix.encoder.MinimalEncoder.encodeHighLevel(MinimalEncoder.java:108)
	at com.google.zxing.datamatrix.encoder.HighLevelEncodeTestCase.encodeHighLevel(HighLevelEncodeTestCase.java:540)
	at com.google.zxing.datamatrix.encoder.HighLevelEncodeTestCase.encodeHighLevel(HighLevelEncodeTestCase.java:535)
	at com.google.zxing.datamatrix.encoder.HighLevelEncodeTestCase.testASCIIEncodation(HighLevelEncodeTestCase.java:51)
	at java.base/jdk.internal.reflect.NativeMethodAccessorImpl.invoke0(Native Method)
	at java.base/jdk.internal.reflect.NativeMethodAccessorImpl.invoke(NativeMethodAccessorImpl.java:77)
	at java.base/jdk.internal.reflect.DelegatingMethodAccessorImpl.invoke(DelegatingMethodAccessorImpl.java:43)
	at java.base/java.lang.reflect.Method.invoke(Method.java:568)
	at org.junit.runners.model.FrameworkMethod$1.runReflectiveCall(FrameworkMethod.java:59)
	at org.junit.internal.runners.model.ReflectiveCallable.run(ReflectiveCallable.java:12)
	at org.junit.runners.model.FrameworkMethod.invokeExplosively(FrameworkMethod.java:56)
	at org.junit.internal.runners.statements.InvokeMethod.evaluate(InvokeMethod.java:17)
	at org.junit.runners.ParentRunner$3.evaluate(ParentRunner.java:306)
	at org.junit.runners.BlockJUnit4ClassRunner$1.evaluate(BlockJUnit4ClassRunner.java:100)
	at org.junit.runners.ParentRunner.runLeaf(ParentRunner.java:366)
	at org.junit.runners.BlockJUnit4ClassRunner.runChild(BlockJUnit4ClassRunner.java:103)
	at org.junit.runners.BlockJUnit4ClassRunner.runChild(BlockJUnit4ClassRunner.java:63)
	at org.junit.runners.ParentRunner$4.run(ParentRunner.java:331)
	at org.junit.runners.ParentRunner$1.schedule(ParentRunner.java:79)
	at org.junit.runners.ParentRunner.runChildren(ParentRunner.java:329)
	at org.junit.runners.ParentRunner.access$100(ParentRunner.java:66)
	at org.junit.runners.ParentRunner$2.evaluate(ParentRunner.java:293)
	at org.junit.runners.ParentRunner$3.evaluate(ParentRunner.java:306)
	at org.junit.runners.ParentRunner.run(ParentRunner.java:413)
	at org.apache.maven.surefire.junit4.JUnit4Provider.execute(JUnit4Provider.java:316)
	at org.apache.maven.surefire.junit4.JUnit4Provider.executeWithRerun(JUnit4Provider.java:240)
	at org.apache.maven.surefire.junit4.JUnit4Provider.executeTestSet(JUnit4Provider.java:214)
	at org.apache.maven.surefire.junit4.JUnit4Provider.invoke(JUnit4Provider.java:155)
	at org.apache.maven.surefire.booter.ForkedBooter.runSuitesInProcess(ForkedBooter.java:385)
	at org.apache.maven.surefire.booter.ForkedBooter.execute(ForkedBooter.java:162)
	at org.apache.maven.surefire.booter.ForkedBooter.run(ForkedBooter.java:507)
	at org.apache.maven.surefire.booter.ForkedBooter.main(ForkedBooter.java:495)

[ERROR] com.google.zxing.datamatrix.encoder.HighLevelEncodeTestCase.testPadding -- Time elapsed: 0.005 s <<< ERROR!
java.lang.IndexOutOfBoundsException: 118
	at com.google.zxing.common.MinimalECIInput.isECI(MinimalECIInput.java:160)
	at com.google.zxing.datamatrix.encoder.MinimalEncoder.addEdges(MinimalEncoder.java:203)
	at com.google.zxing.datamatrix.encoder.MinimalEncoder.encodeMinimally(MinimalEncoder.java:251)
	at com.google.zxing.datamatrix.encoder.MinimalEncoder.encode(MinimalEncoder.java:151)
	at com.google.zxing.datamatrix.encoder.MinimalEncoder.encodeHighLevel(MinimalEncoder.java:133)
	at com.google.zxing.datamatrix.encoder.MinimalEncoder.encodeHighLevel(MinimalEncoder.java:108)
	at com.google.zxing.datamatrix.encoder.HighLevelEncodeTestCase.encodeHighLevel(HighLevelEncodeTestCase.java:531)
	at com.google.zxing.datamatrix.encoder.HighLevelEncodeTestCase.testPadding(HighLevelEncodeTestCase.java:522)
	at java.base/jdk.internal.reflect.NativeMethodAccessorImpl.invoke0(Native Method)
	at java.base/jdk.internal.reflect.NativeMethodAccessorImpl.invoke(NativeMethodAccessorImpl.java:77)
	at java.base/jdk.internal.reflect.DelegatingMethodAccessorImpl.invoke(DelegatingMethodAccessorImpl.java:43)
	at java.base/java.lang.reflect.Method.invoke(Method.java:568)
	at org.junit.runners.model.FrameworkMethod$1.runReflectiveCall(FrameworkMethod.java:59)
	at org.junit.internal.runners.model.ReflectiveCallable.run(ReflectiveCallable.java:12)
	at org.junit.runners.model.FrameworkMethod.invokeExplosively(FrameworkMethod.java:56)
	at org.junit.internal.runners.statements.InvokeMethod.evaluate(InvokeMethod.java:17)
	at org.junit.runners.ParentRunner$3.evaluate(ParentRunner.java:306)
	at org.junit.runners.BlockJUnit4ClassRunner$1.evaluate(BlockJUnit4ClassRunner.java:100)
	at org.junit.runners.ParentRunner.runLeaf(ParentRunner.java:366)
	at org.junit.runners.BlockJUnit4ClassRunner.runChild(BlockJUnit4ClassRunner.java:103)
	at org.junit.runners.BlockJUnit4ClassRunner.runChild(BlockJUnit4ClassRunner.java:63)
	at org.junit.runners.ParentRunner$4.run(ParentRunner.java:331)
	at org.junit.runners.ParentRunner$1.schedule(ParentRunner.java:79)
	at org.junit.runners.ParentRunner.runChildren(ParentRunner.java:329)
	at org.junit.runners.ParentRunner.access$100(ParentRunner.java:66)
	at org.junit.runners.ParentRunner$2.evaluate(ParentRunner.java:293)
	at org.junit.runners.ParentRunner$3.evaluate(ParentRunner.java:306)
	at org.junit.runners.ParentRunner.run(ParentRunner.java:413)
	at org.apache.maven.surefire.junit4.JUnit4Provider.execute(JUnit4Provider.java:316)
	at org.apache.maven.surefire.junit4.JUnit4Provider.executeWithRerun(JUnit4Provider.java:240)
	at org.apache.maven.surefire.junit4.JUnit4Provider.executeTestSet(JUnit4Provider.java:214)
	at org.apache.maven.surefire.junit4.JUnit4Provider.invoke(JUnit4Provider.java:155)
	at org.apache.maven.surefire.booter.ForkedBooter.runSuitesInProcess(ForkedBooter.java:385)
	at org.apache.maven.surefire.booter.ForkedBooter.execute(ForkedBooter.java:162)
	at org.apache.maven.surefire.booter.ForkedBooter.run(ForkedBooter.java:507)
	at org.apache.maven.surefire.booter.ForkedBooter.main(ForkedBooter.java:495)

[ERROR] com.google.zxing.datamatrix.encoder.HighLevelEncodeTestCase.testSizes -- Time elapsed: 0.001 s <<< ERROR!
java.lang.IndexOutOfBoundsException: 1
	at com.google.zxing.common.MinimalECIInput.isECI(MinimalECIInput.java:160)
	at com.google.zxing.datamatrix.encoder.MinimalEncoder.addEdges(MinimalEncoder.java:203)
	at com.google.zxing.datamatrix.encoder.MinimalEncoder.encodeMinimally(MinimalEncoder.java:251)
	at com.google.zxing.datamatrix.encoder.MinimalEncoder.encode(MinimalEncoder.java:151)
	at com.google.zxing.datamatrix.encoder.MinimalEncoder.encodeHighLevel(MinimalEncoder.java:133)
	at com.google.zxing.datamatrix.encoder.MinimalEncoder.encodeHighLevel(MinimalEncoder.java:108)
	at com.google.zxing.datamatrix.encoder.HighLevelEncodeTestCase.encodeHighLevel(HighLevelEncodeTestCase.java:531)
	at com.google.zxing.datamatrix.encoder.HighLevelEncodeTestCase.testSizes(HighLevelEncodeTestCase.java:386)
	at java.base/jdk.internal.reflect.NativeMethodAccessorImpl.invoke0(Native Method)
	at java.base/jdk.internal.reflect.NativeMethodAccessorImpl.invoke(NativeMethodAccessorImpl.java:77)
	at java.base/jdk.internal.reflect.DelegatingMethodAccessorImpl.invoke(DelegatingMethodAccessorImpl.java:43)
	at java.base/java.lang.reflect.Method.invoke(Method.java:568)
	at org.junit.runners.model.FrameworkMethod$1.runReflectiveCall(FrameworkMethod.java:59)
	at org.junit.internal.runners.model.ReflectiveCallable.run(ReflectiveCallable.java:12)
	at org.junit.runners.model.FrameworkMethod.invokeExplosively(FrameworkMethod.java:56)
	at org.junit.internal.runners.statements.InvokeMethod.evaluate(InvokeMethod.java:17)
	at org.junit.runners.ParentRunner$3.evaluate(ParentRunner.java:306)
	at org.junit.runners.BlockJUnit4ClassRunner$1.evaluate(BlockJUnit4ClassRunner.java:100)
	at org.junit.runners.ParentRunner.runLeaf(ParentRunner.java:366)
	at org.junit.runners.BlockJUnit4ClassRunner.runChild(BlockJUnit4ClassRunner.java:103)
	at org.junit.runners.BlockJUnit4ClassRunner.runChild(BlockJUnit4ClassRunner.java:63)
	at org.junit.runners.ParentRunner$4.run(ParentRunner.java:331)
	at org.junit.runners.ParentRunner$1.schedule(ParentRunner.java:79)
	at org.junit.runners.ParentRunner.runChildren(ParentRunner.java:329)
	at org.junit.runners.ParentRunner.access$100(ParentRunner.java:66)
	at org.junit.runners.ParentRunner$2.evaluate(ParentRunner.java:293)
	at org.junit.runners.ParentRunner$3.evaluate(ParentRunner.java:306)
	at org.junit.runners.ParentRunner.run(ParentRunner.java:413)
	at org.apache.maven.surefire.junit4.JUnit4Provider.execute(JUnit4Provider.java:316)
	at org.apache.maven.surefire.junit4.JUnit4Provider.executeWithRerun(JUnit4Provider.java:240)
	at org.apache.maven.surefire.junit4.JUnit4Provider.executeTestSet(JUnit4Provider.java:214)
	at org.apache.maven.surefire.junit4.JUnit4Provider.invoke(JUnit4Provider.java:155)
	at org.apache.maven.surefire.booter.ForkedBooter.runSuitesInProcess(ForkedBooter.java:385)
	at org.apache.maven.surefire.booter.ForkedBooter.execute(ForkedBooter.java:162)
	at org.apache.maven.surefire.booter.ForkedBooter.run(ForkedBooter.java:507)
	at org.apache.maven.surefire.booter.ForkedBooter.main(ForkedBooter.java:495)

[ERROR] com.google.zxing.datamatrix.encoder.HighLevelEncodeTestCase.testECIs -- Time elapsed: 0.026 s <<< ERROR!
java.lang.IndexOutOfBoundsException: 127
	at com.google.zxing.common.MinimalECIInput.isECI(MinimalECIInput.java:160)
	at com.google.zxing.datamatrix.encoder.MinimalEncoder.addEdges(MinimalEncoder.java:203)
	at com.google.zxing.datamatrix.encoder.MinimalEncoder.encodeMinimally(MinimalEncoder.java:251)
	at com.google.zxing.datamatrix.encoder.MinimalEncoder.encode(MinimalEncoder.java:151)
	at com.google.zxing.datamatrix.encoder.MinimalEncoder.encodeHighLevel(MinimalEncoder.java:133)
	at com.google.zxing.datamatrix.encoder.MinimalEncoder.encodeHighLevel(MinimalEncoder.java:108)
	at com.google.zxing.datamatrix.encoder.HighLevelEncodeTestCase.testECIs(HighLevelEncodeTestCase.java:499)
	at java.base/jdk.internal.reflect.NativeMethodAccessorImpl.invoke0(Native Method)
	at java.base/jdk.internal.reflect.NativeMethodAccessorImpl.invoke(NativeMethodAccessorImpl.java:77)
	at java.base/jdk.internal.reflect.DelegatingMethodAccessorImpl.invoke(DelegatingMethodAccessorImpl.java:43)
	at java.base/java.lang.reflect.Method.invoke(Method.java:568)
	at org.junit.runners.model.FrameworkMethod$1.runReflectiveCall(FrameworkMethod.java:59)
	at org.junit.internal.runners.model.ReflectiveCallable.run(ReflectiveCallable.java:12)
	at org.junit.runners.model.FrameworkMethod.invokeExplosively(FrameworkMethod.java:56)
	at org.junit.internal.runners.statements.InvokeMethod.evaluate(InvokeMethod.java:17)
	at org.junit.runners.ParentRunner$3.evaluate(ParentRunner.java:306)
	at org.junit.runners.BlockJUnit4ClassRunner$1.evaluate(BlockJUnit4ClassRunner.java:100)
	at org.junit.runners.ParentRunner.runLeaf(ParentRunner.java:366)
	at org.junit.runners.BlockJUnit4ClassRunner.runChild(BlockJUnit4ClassRunner.java:103)
	at org.junit.runners.BlockJUnit4ClassRunner.runChild(BlockJUnit4ClassRunner.java:63)
	at org.junit.runners.ParentRunner$4.run(ParentRunner.java:331)
	at org.junit.runners.ParentRunner$1.schedule(ParentRunner.java:79)
	at org.junit.runners.ParentRunner.runChildren(ParentRunner.java:329)
	at org.junit.runners.ParentRunner.access$100(ParentRunner.java:66)
	at org.junit.runners.ParentRunner$2.evaluate(ParentRunner.java:293)
	at org.junit.runners.ParentRunner$3.evaluate(ParentRunner.java:306)
	at org.junit.runners.ParentRunner.run(ParentRunner.java:413)
	at org.apache.maven.surefire.junit4.JUnit4Provider.execute(JUnit4Provider.java:316)
	at org.apache.maven.surefire.junit4.JUnit4Provider.executeWithRerun(JUnit4Provider.java:240)
	at org.apache.maven.surefire.junit4.JUnit4Provider.executeTestSet(JUnit4Provider.java:214)
	at org.apache.maven.surefire.junit4.JUnit4Provider.invoke(JUnit4Provider.java:155)
	at org.apache.maven.surefire.booter.ForkedBooter.runSuitesInProcess(ForkedBooter.java:385)
	at org.apache.maven.surefire.booter.ForkedBooter.execute(ForkedBooter.java:162)
	at org.apache.maven.surefire.booter.ForkedBooter.run(ForkedBooter.java:507)
	at org.apache.maven.surefire.booter.ForkedBooter.main(ForkedBooter.java:495)

[ERROR] com.google.zxing.datamatrix.encoder.HighLevelEncodeTestCase.testBug3048549 -- Time elapsed: 0 s <<< ERROR!
java.lang.IndexOutOfBoundsException: 14
	at com.google.zxing.common.MinimalECIInput.isECI(MinimalECIInput.java:160)
	at com.google.zxing.datamatrix.encoder.MinimalEncoder.addEdges(MinimalEncoder.java:203)
	at com.google.zxing.datamatrix.encoder.MinimalEncoder.encodeMinimally(MinimalEncoder.java:251)
	at com.google.zxing.datamatrix.encoder.MinimalEncoder.encode(MinimalEncoder.java:151)
	at com.google.zxing.datamatrix.encoder.MinimalEncoder.encodeHighLevel(MinimalEncoder.java:133)
	at com.google.zxing.datamatrix.encoder.MinimalEncoder.encodeHighLevel(MinimalEncoder.java:108)
	at com.google.zxing.datamatrix.encoder.HighLevelEncodeTestCase.encodeHighLevel(HighLevelEncodeTestCase.java:540)
	at com.google.zxing.datamatrix.encoder.HighLevelEncodeTestCase.encodeHighLevel(HighLevelEncodeTestCase.java:535)
	at com.google.zxing.datamatrix.encoder.HighLevelEncodeTestCase.testBug3048549(HighLevelEncodeTestCase.java:337)
	at java.base/jdk.internal.reflect.NativeMethodAccessorImpl.invoke0(Native Method)
	at java.base/jdk.internal.reflect.NativeMethodAccessorImpl.invoke(NativeMethodAccessorImpl.java:77)
	at java.base/jdk.internal.reflect.DelegatingMethodAccessorImpl.invoke(DelegatingMethodAccessorImpl.java:43)
	at java.base/java.lang.reflect.Method.invoke(Method.java:568)
	at org.junit.runners.model.FrameworkMethod$1.runReflectiveCall(FrameworkMethod.java:59)
	at org.junit.internal.runners.model.ReflectiveCallable.run(ReflectiveCallable.java:12)
	at org.junit.runners.model.FrameworkMethod.invokeExplosively(FrameworkMethod.java:56)
	at org.junit.internal.runners.statements.InvokeMethod.evaluate(InvokeMethod.java:17)
	at org.junit.runners.ParentRunner$3.evaluate(ParentRunner.java:306)
	at org.junit.runners.BlockJUnit4ClassRunner$1.evaluate(BlockJUnit4ClassRunner.java:100)
	at org.junit.runners.ParentRunner.runLeaf(ParentRunner.java:366)
	at org.junit.runners.BlockJUnit4ClassRunner.runChild(BlockJUnit4ClassRunner.java:103)
	at org.junit.runners.BlockJUnit4ClassRunner.runChild(BlockJUnit4ClassRunner.java:63)
	at org.junit.runners.ParentRunner$4.run(ParentRunner.java:331)
	at org.junit.runners.ParentRunner$1.schedule(ParentRunner.java:79)
	at org.junit.runners.ParentRunner.runChildren(ParentRunner.java:329)
	at org.junit.runners.ParentRunner.access$100(ParentRunner.java:66)
	at org.junit.runners.ParentRunner$2.evaluate(ParentRunner.java:293)
	at org.junit.runners.ParentRunner$3.evaluate(ParentRunner.java:306)
	at org.junit.runners.ParentRunner.run(ParentRunner.java:413)
	at org.apache.maven.surefire.junit4.JUnit4Provider.execute(JUnit4Provider.java:316)
	at org.apache.maven.surefire.junit4.JUnit4Provider.executeWithRerun(JUnit4Provider.java:240)
	at org.apache.maven.surefire.junit4.JUnit4Provider.executeTestSet(JUnit4Provider.java:214)
	at org.apache.maven.surefire.junit4.JUnit4Provider.invoke(JUnit4Provider.java:155)
	at org.apache.maven.surefire.booter.ForkedBooter.runSuitesInProcess(ForkedBooter.java:385)
	at org.apache.maven.surefire.booter.ForkedBooter.execute(ForkedBooter.java:162)
	at org.apache.maven.surefire.booter.ForkedBooter.run(ForkedBooter.java:507)
	at org.apache.maven.surefire.booter.ForkedBooter.main(ForkedBooter.java:495)

[ERROR] com.google.zxing.datamatrix.encoder.HighLevelEncodeTestCase.testMacroCharacters -- Time elapsed: 0 s <<< ERROR!
java.lang.IndexOutOfBoundsException: 9
	at com.google.zxing.common.MinimalECIInput.isECI(MinimalECIInput.java:160)
	at com.google.zxing.datamatrix.encoder.MinimalEncoder.addEdges(MinimalEncoder.java:203)
	at com.google.zxing.datamatrix.encoder.MinimalEncoder.encodeMinimally(MinimalEncoder.java:251)
	at com.google.zxing.datamatrix.encoder.MinimalEncoder.encode(MinimalEncoder.java:151)
	at com.google.zxing.datamatrix.encoder.MinimalEncoder.encodeHighLevel(MinimalEncoder.java:133)
	at com.google.zxing.datamatrix.encoder.MinimalEncoder.encodeHighLevel(MinimalEncoder.java:108)
	at com.google.zxing.datamatrix.encoder.HighLevelEncodeTestCase.encodeHighLevel(HighLevelEncodeTestCase.java:540)
	at com.google.zxing.datamatrix.encoder.HighLevelEncodeTestCase.encodeHighLevel(HighLevelEncodeTestCase.java:535)
	at com.google.zxing.datamatrix.encoder.HighLevelEncodeTestCase.testMacroCharacters(HighLevelEncodeTestCase.java:345)
	at java.base/jdk.internal.reflect.NativeMethodAccessorImpl.invoke0(Native Method)
	at java.base/jdk.internal.reflect.NativeMethodAccessorImpl.invoke(NativeMethodAccessorImpl.java:77)
	at java.base/jdk.internal.reflect.DelegatingMethodAccessorImpl.invoke(DelegatingMethodAccessorImpl.java:43)
	at java.base/java.lang.reflect.Method.invoke(Method.java:568)
	at org.junit.runners.model.FrameworkMethod$1.runReflectiveCall(FrameworkMethod.java:59)
	at org.junit.internal.runners.model.ReflectiveCallable.run(ReflectiveCallable.java:12)
	at org.junit.runners.model.FrameworkMethod.invokeExplosively(FrameworkMethod.java:56)
	at org.junit.internal.runners.statements.InvokeMethod.evaluate(InvokeMethod.java:17)
	at org.junit.runners.ParentRunner$3.evaluate(ParentRunner.java:306)
	at org.junit.runners.BlockJUnit4ClassRunner$1.evaluate(BlockJUnit4ClassRunner.java:100)
	at org.junit.runners.ParentRunner.runLeaf(ParentRunner.java:366)
	at org.junit.runners.BlockJUnit4ClassRunner.runChild(BlockJUnit4ClassRunner.java:103)
	at org.junit.runners.BlockJUnit4ClassRunner.runChild(BlockJUnit4ClassRunner.java:63)
	at org.junit.runners.ParentRunner$4.run(ParentRunner.java:331)
	at org.junit.runners.ParentRunner$1.schedule(ParentRunner.java:79)
	at org.junit.runners.ParentRunner.runChildren(ParentRunner.java:329)
	at org.junit.runners.ParentRunner.access$100(ParentRunner.java:66)
	at org.junit.runners.ParentRunner$2.evaluate(ParentRunner.java:293)
	at org.junit.runners.ParentRunner$3.evaluate(ParentRunner.java:306)
	at org.junit.runners.ParentRunner.run(ParentRunner.java:413)
	at org.apache.maven.surefire.junit4.JUnit4Provider.execute(JUnit4Provider.java:316)
	at org.apache.maven.surefire.junit4.JUnit4Provider.executeWithRerun(JUnit4Provider.java:240)
	at org.apache.maven.surefire.junit4.JUnit4Provider.executeTestSet(JUnit4Provider.java:214)
	at org.apache.maven.surefire.junit4.JUnit4Provider.invoke(JUnit4Provider.java:155)
	at org.apache.maven.surefire.booter.ForkedBooter.runSuitesInProcess(ForkedBooter.java:385)
	at org.apache.maven.surefire.booter.ForkedBooter.execute(ForkedBooter.java:162)
	at org.apache.maven.surefire.booter.ForkedBooter.run(ForkedBooter.java:507)
	at org.apache.maven.surefire.booter.ForkedBooter.main(ForkedBooter.java:495)

[ERROR] com.google.zxing.datamatrix.encoder.HighLevelEncodeTestCase.testEncodingWithStartAsX12AndLatchToEDIFACTInTheMiddle -- Time elapsed: 0 s <<< ERROR!
java.lang.IndexOutOfBoundsException: 18
	at com.google.zxing.common.MinimalECIInput.isECI(MinimalECIInput.java:160)
	at com.google.zxing.datamatrix.encoder.MinimalEncoder.addEdges(MinimalEncoder.java:203)
	at com.google.zxing.datamatrix.encoder.MinimalEncoder.encodeMinimally(MinimalEncoder.java:251)
	at com.google.zxing.datamatrix.encoder.MinimalEncoder.encode(MinimalEncoder.java:151)
	at com.google.zxing.datamatrix.encoder.MinimalEncoder.encodeHighLevel(MinimalEncoder.java:133)
	at com.google.zxing.datamatrix.encoder.MinimalEncoder.encodeHighLevel(MinimalEncoder.java:108)
	at com.google.zxing.datamatrix.encoder.HighLevelEncodeTestCase.encodeHighLevel(HighLevelEncodeTestCase.java:540)
	at com.google.zxing.datamatrix.encoder.HighLevelEncodeTestCase.encodeHighLevel(HighLevelEncodeTestCase.java:535)
	at com.google.zxing.datamatrix.encoder.HighLevelEncodeTestCase.testEncodingWithStartAsX12AndLatchToEDIFACTInTheMiddle(HighLevelEncodeTestCase.java:353)
	at java.base/jdk.internal.reflect.NativeMethodAccessorImpl.invoke0(Native Method)
	at java.base/jdk.internal.reflect.NativeMethodAccessorImpl.invoke(NativeMethodAccessorImpl.java:77)
	at java.base/jdk.internal.reflect.DelegatingMethodAccessorImpl.invoke(DelegatingMethodAccessorImpl.java:43)
	at java.base/java.lang.reflect.Method.invoke(Method.java:568)
	at org.junit.runners.model.FrameworkMethod$1.runReflectiveCall(FrameworkMethod.java:59)
	at org.junit.internal.runners.model.ReflectiveCallable.run(ReflectiveCallable.java:12)
	at org.junit.runners.model.FrameworkMethod.invokeExplosively(FrameworkMethod.java:56)
	at org.junit.internal.runners.statements.InvokeMethod.evaluate(InvokeMethod.java:17)
	at org.junit.runners.ParentRunner$3.evaluate(ParentRunner.java:306)
	at org.junit.runners.BlockJUnit4ClassRunner$1.evaluate(BlockJUnit4ClassRunner.java:100)
	at org.junit.runners.ParentRunner.runLeaf(ParentRunner.java:366)
	at org.junit.runners.BlockJUnit4ClassRunner.runChild(BlockJUnit4ClassRunner.java:103)
	at org.junit.runners.BlockJUnit4ClassRunner.runChild(BlockJUnit4ClassRunner.java:63)
	at org.junit.runners.ParentRunner$4.run(ParentRunner.java:331)
	at org.junit.runners.ParentRunner$1.schedule(ParentRunner.java:79)
	at org.junit.runners.ParentRunner.runChildren(ParentRunner.java:329)
	at org.junit.runners.ParentRunner.access$100(ParentRunner.java:66)
	at org.junit.runners.ParentRunner$2.evaluate(ParentRunner.java:293)
	at org.junit.runners.ParentRunner$3.evaluate(ParentRunner.java:306)
	at org.junit.runners.ParentRunner.run(ParentRunner.java:413)
	at org.apache.maven.surefire.junit4.JUnit4Provider.execute(JUnit4Provider.java:316)
	at org.apache.maven.surefire.junit4.JUnit4Provider.executeWithRerun(JUnit4Provider.java:240)
	at org.apache.maven.surefire.junit4.JUnit4Provider.executeTestSet(JUnit4Provider.java:214)
	at org.apache.maven.surefire.junit4.JUnit4Provider.invoke(JUnit4Provider.java:155)
	at org.apache.maven.surefire.booter.ForkedBooter.runSuitesInProcess(ForkedBooter.java:385)
	at org.apache.maven.surefire.booter.ForkedBooter.execute(ForkedBooter.java:162)
	at org.apache.maven.surefire.booter.ForkedBooter.run(ForkedBooter.java:507)
	at org.apache.maven.surefire.booter.ForkedBooter.main(ForkedBooter.java:495)

[ERROR] com.google.zxing.datamatrix.encoder.HighLevelEncodeTestCase.testX12Encodation -- Time elapsed: 0 s <<< ERROR!
java.lang.IndexOutOfBoundsException: 13
	at com.google.zxing.common.MinimalECIInput.isECI(MinimalECIInput.java:160)
	at com.google.zxing.datamatrix.encoder.MinimalEncoder.addEdges(MinimalEncoder.java:203)
	at com.google.zxing.datamatrix.encoder.MinimalEncoder.encodeMinimally(MinimalEncoder.java:251)
	at com.google.zxing.datamatrix.encoder.MinimalEncoder.encode(MinimalEncoder.java:151)
	at com.google.zxing.datamatrix.encoder.MinimalEncoder.encodeHighLevel(MinimalEncoder.java:133)
	at com.google.zxing.datamatrix.encoder.MinimalEncoder.encodeHighLevel(MinimalEncoder.java:108)
	at com.google.zxing.datamatrix.encoder.HighLevelEncodeTestCase.encodeHighLevel(HighLevelEncodeTestCase.java:540)
	at com.google.zxing.datamatrix.encoder.HighLevelEncodeTestCase.encodeHighLevel(HighLevelEncodeTestCase.java:535)
	at com.google.zxing.datamatrix.encoder.HighLevelEncodeTestCase.testX12Encodation(HighLevelEncodeTestCase.java:172)
	at java.base/jdk.internal.reflect.NativeMethodAccessorImpl.invoke0(Native Method)
	at java.base/jdk.internal.reflect.NativeMethodAccessorImpl.invoke(NativeMethodAccessorImpl.java:77)
	at java.base/jdk.internal.reflect.DelegatingMethodAccessorImpl.invoke(DelegatingMethodAccessorImpl.java:43)
	at java.base/java.lang.reflect.Method.invoke(Method.java:568)
	at org.junit.runners.model.FrameworkMethod$1.runReflectiveCall(FrameworkMethod.java:59)
	at org.junit.internal.runners.model.ReflectiveCallable.run(ReflectiveCallable.java:12)
	at org.junit.runners.model.FrameworkMethod.invokeExplosively(FrameworkMethod.java:56)
	at org.junit.internal.runners.statements.InvokeMethod.evaluate(InvokeMethod.java:17)
	at org.junit.runners.ParentRunner$3.evaluate(ParentRunner.java:306)
	at org.junit.runners.BlockJUnit4ClassRunner$1.evaluate(BlockJUnit4ClassRunner.java:100)
	at org.junit.runners.ParentRunner.runLeaf(ParentRunner.java:366)
	at org.junit.runners.BlockJUnit4ClassRunner.runChild(BlockJUnit4ClassRunner.java:103)
	at org.junit.runners.BlockJUnit4ClassRunner.runChild(BlockJUnit4ClassRunner.java:63)
	at org.junit.runners.ParentRunner$4.run(ParentRunner.java:331)
	at org.junit.runners.ParentRunner$1.schedule(ParentRunner.java:79)
	at org.junit.runners.ParentRunner.runChildren(ParentRunner.java:329)
	at org.junit.runners.ParentRunner.access$100(ParentRunner.java:66)
	at org.junit.runners.ParentRunner$2.evaluate(ParentRunner.java:293)
	at org.junit.runners.ParentRunner$3.evaluate(ParentRunner.java:306)
	at org.junit.runners.ParentRunner.run(ParentRunner.java:413)
	at org.apache.maven.surefire.junit4.JUnit4Provider.execute(JUnit4Provider.java:316)
	at org.apache.maven.surefire.junit4.JUnit4Provider.executeWithRerun(JUnit4Provider.java:240)
	at org.apache.maven.surefire.junit4.JUnit4Provider.executeTestSet(JUnit4Provider.java:214)
	at org.apache.maven.surefire.junit4.JUnit4Provider.invoke(JUnit4Provider.java:155)
	at org.apache.maven.surefire.booter.ForkedBooter.runSuitesInProcess(ForkedBooter.java:385)
	at org.apache.maven.surefire.booter.ForkedBooter.execute(ForkedBooter.java:162)
	at org.apache.maven.surefire.booter.ForkedBooter.run(ForkedBooter.java:507)
	at org.apache.maven.surefire.booter.ForkedBooter.main(ForkedBooter.java:495)

[ERROR] com.google.zxing.datamatrix.encoder.HighLevelEncodeTestCase.testC40EncodationSpecialCases1 -- Time elapsed: 0 s <<< ERROR!
java.lang.IndexOutOfBoundsException: 18
	at com.google.zxing.common.MinimalECIInput.isECI(MinimalECIInput.java:160)
	at com.google.zxing.datamatrix.encoder.MinimalEncoder.addEdges(MinimalEncoder.java:203)
	at com.google.zxing.datamatrix.encoder.MinimalEncoder.encodeMinimally(MinimalEncoder.java:251)
	at com.google.zxing.datamatrix.encoder.MinimalEncoder.encode(MinimalEncoder.java:151)
	at com.google.zxing.datamatrix.encoder.MinimalEncoder.encodeHighLevel(MinimalEncoder.java:133)
	at com.google.zxing.datamatrix.encoder.MinimalEncoder.encodeHighLevel(MinimalEncoder.java:108)
	at com.google.zxing.datamatrix.encoder.HighLevelEncodeTestCase.encodeHighLevel(HighLevelEncodeTestCase.java:540)
	at com.google.zxing.datamatrix.encoder.HighLevelEncodeTestCase.testC40EncodationSpecialCases1(HighLevelEncodeTestCase.java:115)
	at java.base/jdk.internal.reflect.NativeMethodAccessorImpl.invoke0(Native Method)
	at java.base/jdk.internal.reflect.NativeMethodAccessorImpl.invoke(NativeMethodAccessorImpl.java:77)
	at java.base/jdk.internal.reflect.DelegatingMethodAccessorImpl.invoke(DelegatingMethodAccessorImpl.java:43)
	at java.base/java.lang.reflect.Method.invoke(Method.java:568)
	at org.junit.runners.model.FrameworkMethod$1.runReflectiveCall(FrameworkMethod.java:59)
	at org.junit.internal.runners.model.ReflectiveCallable.run(ReflectiveCallable.java:12)
	at org.junit.runners.model.FrameworkMethod.invokeExplosively(FrameworkMethod.java:56)
	at org.junit.internal.runners.statements.InvokeMethod.evaluate(InvokeMethod.java:17)
	at org.junit.runners.ParentRunner$3.evaluate(ParentRunner.java:306)
	at org.junit.runners.BlockJUnit4ClassRunner$1.evaluate(BlockJUnit4ClassRunner.java:100)
	at org.junit.runners.ParentRunner.runLeaf(ParentRunner.java:366)
	at org.junit.runners.BlockJUnit4ClassRunner.runChild(BlockJUnit4ClassRunner.java:103)
	at org.junit.runners.BlockJUnit4ClassRunner.runChild(BlockJUnit4ClassRunner.java:63)
	at org.junit.runners.ParentRunner$4.run(ParentRunner.java:331)
	at org.junit.runners.ParentRunner$1.schedule(ParentRunner.java:79)
	at org.junit.runners.ParentRunner.runChildren(ParentRunner.java:329)
	at org.junit.runners.ParentRunner.access$100(ParentRunner.java:66)
	at org.junit.runners.ParentRunner$2.evaluate(ParentRunner.java:293)
	at org.junit.runners.ParentRunner$3.evaluate(ParentRunner.java:306)
	at org.junit.runners.ParentRunner.run(ParentRunner.java:413)
	at org.apache.maven.surefire.junit4.JUnit4Provider.execute(JUnit4Provider.java:316)
	at org.apache.maven.surefire.junit4.JUnit4Provider.executeWithRerun(JUnit4Provider.java:240)
	at org.apache.maven.surefire.junit4.JUnit4Provider.executeTestSet(JUnit4Provider.java:214)
	at org.apache.maven.surefire.junit4.JUnit4Provider.invoke(JUnit4Provider.java:155)
	at org.apache.maven.surefire.booter.ForkedBooter.runSuitesInProcess(ForkedBooter.java:385)
	at org.apache.maven.surefire.booter.ForkedBooter.execute(ForkedBooter.java:162)
	at org.apache.maven.surefire.booter.ForkedBooter.run(ForkedBooter.java:507)
	at org.apache.maven.surefire.booter.ForkedBooter.main(ForkedBooter.java:495)

[ERROR] com.google.zxing.datamatrix.encoder.HighLevelEncodeTestCase.testC40EncodationSpecialCases2 -- Time elapsed: 0 s <<< ERROR!
java.lang.IndexOutOfBoundsException: 20
	at com.google.zxing.common.MinimalECIInput.isECI(MinimalECIInput.java:160)
	at com.google.zxing.datamatrix.encoder.MinimalEncoder.addEdges(MinimalEncoder.java:203)
	at com.google.zxing.datamatrix.encoder.MinimalEncoder.encodeMinimally(MinimalEncoder.java:251)
	at com.google.zxing.datamatrix.encoder.MinimalEncoder.encode(MinimalEncoder.java:151)
	at com.google.zxing.datamatrix.encoder.MinimalEncoder.encodeHighLevel(MinimalEncoder.java:133)
	at com.google.zxing.datamatrix.encoder.MinimalEncoder.encodeHighLevel(MinimalEncoder.java:108)
	at com.google.zxing.datamatrix.encoder.HighLevelEncodeTestCase.encodeHighLevel(HighLevelEncodeTestCase.java:540)
	at com.google.zxing.datamatrix.encoder.HighLevelEncodeTestCase.encodeHighLevel(HighLevelEncodeTestCase.java:535)
	at com.google.zxing.datamatrix.encoder.HighLevelEncodeTestCase.testC40EncodationSpecialCases2(HighLevelEncodeTestCase.java:140)
	at java.base/jdk.internal.reflect.NativeMethodAccessorImpl.invoke0(Native Method)
	at java.base/jdk.internal.reflect.NativeMethodAccessorImpl.invoke(NativeMethodAccessorImpl.java:77)
	at java.base/jdk.internal.reflect.DelegatingMethodAccessorImpl.invoke(DelegatingMethodAccessorImpl.java:43)
	at java.base/java.lang.reflect.Method.invoke(Method.java:568)
	at org.junit.runners.model.FrameworkMethod$1.runReflectiveCall(FrameworkMethod.java:59)
	at org.junit.internal.runners.model.ReflectiveCallable.run(ReflectiveCallable.java:12)
	at org.junit.runners.model.FrameworkMethod.invokeExplosively(FrameworkMethod.java:56)
	at org.junit.internal.runners.statements.InvokeMethod.evaluate(InvokeMethod.java:17)
	at org.junit.runners.ParentRunner$3.evaluate(ParentRunner.java:306)
	at org.junit.runners.BlockJUnit4ClassRunner$1.evaluate(BlockJUnit4ClassRunner.java:100)
	at org.junit.runners.ParentRunner.runLeaf(ParentRunner.java:366)
	at org.junit.runners.BlockJUnit4ClassRunner.runChild(BlockJUnit4ClassRunner.java:103)
	at org.junit.runners.BlockJUnit4ClassRunner.runChild(BlockJUnit4ClassRunner.java:63)
	at org.junit.runners.ParentRunner$4.run(ParentRunner.java:331)
	at org.junit.runners.ParentRunner$1.schedule(ParentRunner.java:79)
	at org.junit.runners.ParentRunner.runChildren(ParentRunner.java:329)
	at org.junit.runners.ParentRunner.access$100(ParentRunner.java:66)
	at org.junit.runners.ParentRunner$2.evaluate(ParentRunner.java:293)
	at org.junit.runners.ParentRunner$3.evaluate(ParentRunner.java:306)
	at org.junit.runners.ParentRunner.run(ParentRunner.java:413)
	at org.apache.maven.surefire.junit4.JUnit4Provider.execute(JUnit4Provider.java:316)
	at org.apache.maven.surefire.junit4.JUnit4Provider.executeWithRerun(JUnit4Provider.java:240)
	at org.apache.maven.surefire.junit4.JUnit4Provider.executeTestSet(JUnit4Provider.java:214)
	at org.apache.maven.surefire.junit4.JUnit4Provider.invoke(JUnit4Provider.java:155)
	at org.apache.maven.surefire.booter.ForkedBooter.runSuitesInProcess(ForkedBooter.java:385)
	at org.apache.maven.surefire.booter.ForkedBooter.execute(ForkedBooter.java:162)
	at org.apache.maven.surefire.booter.ForkedBooter.run(ForkedBooter.java:507)
	at org.apache.maven.surefire.booter.ForkedBooter.main(ForkedBooter.java:495)

[ERROR] com.google.zxing.datamatrix.encoder.HighLevelEncodeTestCase.testBase256Encodation -- Time elapsed: 0 s <<< ERROR!
java.lang.IndexOutOfBoundsException: 6
	at com.google.zxing.common.MinimalECIInput.isECI(MinimalECIInput.java:160)
	at com.google.zxing.datamatrix.encoder.MinimalEncoder.addEdges(MinimalEncoder.java:203)
	at com.google.zxing.datamatrix.encoder.MinimalEncoder.encodeMinimally(MinimalEncoder.java:251)
	at com.google.zxing.datamatrix.encoder.MinimalEncoder.encode(MinimalEncoder.java:151)
	at com.google.zxing.datamatrix.encoder.MinimalEncoder.encodeHighLevel(MinimalEncoder.java:133)
	at com.google.zxing.datamatrix.encoder.MinimalEncoder.encodeHighLevel(MinimalEncoder.java:108)
	at com.google.zxing.datamatrix.encoder.HighLevelEncodeTestCase.encodeHighLevel(HighLevelEncodeTestCase.java:540)
	at com.google.zxing.datamatrix.encoder.HighLevelEncodeTestCase.encodeHighLevel(HighLevelEncodeTestCase.java:535)
	at com.google.zxing.datamatrix.encoder.HighLevelEncodeTestCase.testBase256Encodation(HighLevelEncodeTestCase.java:229)
	at java.base/jdk.internal.reflect.NativeMethodAccessorImpl.invoke0(Native Method)
	at java.base/jdk.internal.reflect.NativeMethodAccessorImpl.invoke(NativeMethodAccessorImpl.java:77)
	at java.base/jdk.internal.reflect.DelegatingMethodAccessorImpl.invoke(DelegatingMethodAccessorImpl.java:43)
	at java.base/java.lang.reflect.Method.invoke(Method.java:568)
	at org.junit.runners.model.FrameworkMethod$1.runReflectiveCall(FrameworkMethod.java:59)
	at org.junit.internal.runners.model.ReflectiveCallable.run(ReflectiveCallable.java:12)
	at org.junit.runners.model.FrameworkMethod.invokeExplosively(FrameworkMethod.java:56)
	at org.junit.internal.runners.statements.InvokeMethod.evaluate(InvokeMethod.java:17)
	at org.junit.runners.ParentRunner$3.evaluate(ParentRunner.java:306)
	at org.junit.runners.BlockJUnit4ClassRunner$1.evaluate(BlockJUnit4ClassRunner.java:100)
	at org.junit.runners.ParentRunner.runLeaf(ParentRunner.java:366)
	at org.junit.runners.BlockJUnit4ClassRunner.runChild(BlockJUnit4ClassRunner.java:103)
	at org.junit.runners.BlockJUnit4ClassRunner.runChild(BlockJUnit4ClassRunner.java:63)
	at org.junit.runners.ParentRunner$4.run(ParentRunner.java:331)
	at org.junit.runners.ParentRunner$1.schedule(ParentRunner.java:79)
	at org.junit.runners.ParentRunner.runChildren(ParentRunner.java:329)
	at org.junit.runners.ParentRunner.access$100(ParentRunner.java:66)
	at org.junit.runners.ParentRunner$2.evaluate(ParentRunner.java:293)
	at org.junit.runners.ParentRunner$3.evaluate(ParentRunner.java:306)
	at org.junit.runners.ParentRunner.run(ParentRunner.java:413)
	at org.apache.maven.surefire.junit4.JUnit4Provider.execute(JUnit4Provider.java:316)
	at org.apache.maven.surefire.junit4.JUnit4Provider.executeWithRerun(JUnit4Provider.java:240)
	at org.apache.maven.surefire.junit4.JUnit4Provider.executeTestSet(JUnit4Provider.java:214)
	at org.apache.maven.surefire.junit4.JUnit4Provider.invoke(JUnit4Provider.java:155)
	at org.apache.maven.surefire.booter.ForkedBooter.runSuitesInProcess(ForkedBooter.java:385)
	at org.apache.maven.surefire.booter.ForkedBooter.execute(ForkedBooter.java:162)
	at org.apache.maven.surefire.booter.ForkedBooter.run(ForkedBooter.java:507)
	at org.apache.maven.surefire.booter.ForkedBooter.main(ForkedBooter.java:495)

[ERROR] com.google.zxing.datamatrix.encoder.HighLevelEncodeTestCase.testUnlatchingFromC40 -- Time elapsed: 0 s <<< ERROR!
java.lang.IndexOutOfBoundsException: 21
	at com.google.zxing.common.MinimalECIInput.isECI(MinimalECIInput.java:160)
	at com.google.zxing.datamatrix.encoder.MinimalEncoder.addEdges(MinimalEncoder.java:203)
	at com.google.zxing.datamatrix.encoder.MinimalEncoder.encodeMinimally(MinimalEncoder.java:251)
	at com.google.zxing.datamatrix.encoder.MinimalEncoder.encode(MinimalEncoder.java:151)
	at com.google.zxing.datamatrix.encoder.MinimalEncoder.encodeHighLevel(MinimalEncoder.java:133)
	at com.google.zxing.datamatrix.encoder.MinimalEncoder.encodeHighLevel(MinimalEncoder.java:108)
	at com.google.zxing.datamatrix.encoder.HighLevelEncodeTestCase.encodeHighLevel(HighLevelEncodeTestCase.java:540)
	at com.google.zxing.datamatrix.encoder.HighLevelEncodeTestCase.encodeHighLevel(HighLevelEncodeTestCase.java:535)
	at com.google.zxing.datamatrix.encoder.HighLevelEncodeTestCase.testUnlatchingFromC40(HighLevelEncodeTestCase.java:287)
	at java.base/jdk.internal.reflect.NativeMethodAccessorImpl.invoke0(Native Method)
	at java.base/jdk.internal.reflect.NativeMethodAccessorImpl.invoke(NativeMethodAccessorImpl.java:77)
	at java.base/jdk.internal.reflect.DelegatingMethodAccessorImpl.invoke(DelegatingMethodAccessorImpl.java:43)
	at java.base/java.lang.reflect.Method.invoke(Method.java:568)
	at org.junit.runners.model.FrameworkMethod$1.runReflectiveCall(FrameworkMethod.java:59)
	at org.junit.internal.runners.model.ReflectiveCallable.run(ReflectiveCallable.java:12)
	at org.junit.runners.model.FrameworkMethod.invokeExplosively(FrameworkMethod.java:56)
	at org.junit.internal.runners.statements.InvokeMethod.evaluate(InvokeMethod.java:17)
	at org.junit.runners.ParentRunner$3.evaluate(ParentRunner.java:306)
	at org.junit.runners.BlockJUnit4ClassRunner$1.evaluate(BlockJUnit4ClassRunner.java:100)
	at org.junit.runners.ParentRunner.runLeaf(ParentRunner.java:366)
	at org.junit.runners.BlockJUnit4ClassRunner.runChild(BlockJUnit4ClassRunner.java:103)
	at org.junit.runners.BlockJUnit4ClassRunner.runChild(BlockJUnit4ClassRunner.java:63)
	at org.junit.runners.ParentRunner$4.run(ParentRunner.java:331)
	at org.junit.runners.ParentRunner$1.schedule(ParentRunner.java:79)
	at org.junit.runners.ParentRunner.runChildren(ParentRunner.java:329)
	at org.junit.runners.ParentRunner.access$100(ParentRunner.java:66)
	at org.junit.runners.ParentRunner$2.evaluate(ParentRunner.java:293)
	at org.junit.runners.ParentRunner$3.evaluate(ParentRunner.java:306)
	at org.junit.runners.ParentRunner.run(ParentRunner.java:413)
	at org.apache.maven.surefire.junit4.JUnit4Provider.execute(JUnit4Provider.java:316)
	at org.apache.maven.surefire.junit4.JUnit4Provider.executeWithRerun(JUnit4Provider.java:240)
	at org.apache.maven.surefire.junit4.JUnit4Provider.executeTestSet(JUnit4Provider.java:214)
	at org.apache.maven.surefire.junit4.JUnit4Provider.invoke(JUnit4Provider.java:155)
	at org.apache.maven.surefire.booter.ForkedBooter.runSuitesInProcess(ForkedBooter.java:385)
	at org.apache.maven.surefire.booter.ForkedBooter.execute(ForkedBooter.java:162)
	at org.apache.maven.surefire.booter.ForkedBooter.run(ForkedBooter.java:507)
	at org.apache.maven.surefire.booter.ForkedBooter.main(ForkedBooter.java:495)

[ERROR] com.google.zxing.datamatrix.encoder.HighLevelEncodeTestCase.testX12Unlatch2 -- Time elapsed: 0 s <<< ERROR!
java.lang.IndexOutOfBoundsException: 6
	at com.google.zxing.common.MinimalECIInput.isECI(MinimalECIInput.java:160)
	at com.google.zxing.datamatrix.encoder.MinimalEncoder.addEdges(MinimalEncoder.java:203)
	at com.google.zxing.datamatrix.encoder.MinimalEncoder.encodeMinimally(MinimalEncoder.java:251)
	at com.google.zxing.datamatrix.encoder.MinimalEncoder.encode(MinimalEncoder.java:151)
	at com.google.zxing.datamatrix.encoder.MinimalEncoder.encodeHighLevel(MinimalEncoder.java:133)
	at com.google.zxing.datamatrix.encoder.MinimalEncoder.encodeHighLevel(MinimalEncoder.java:108)
	at com.google.zxing.datamatrix.encoder.HighLevelEncodeTestCase.encodeHighLevel(HighLevelEncodeTestCase.java:540)
	at com.google.zxing.datamatrix.encoder.HighLevelEncodeTestCase.encodeHighLevel(HighLevelEncodeTestCase.java:535)
	at com.google.zxing.datamatrix.encoder.HighLevelEncodeTestCase.testX12Unlatch2(HighLevelEncodeTestCase.java:328)
	at java.base/jdk.internal.reflect.NativeMethodAccessorImpl.invoke0(Native Method)
	at java.base/jdk.internal.reflect.NativeMethodAccessorImpl.invoke(NativeMethodAccessorImpl.java:77)
	at java.base/jdk.internal.reflect.DelegatingMethodAccessorImpl.invoke(DelegatingMethodAccessorImpl.java:43)
	at java.base/java.lang.reflect.Method.invoke(Method.java:568)
	at org.junit.runners.model.FrameworkMethod$1.runReflectiveCall(FrameworkMethod.java:59)
	at org.junit.internal.runners.model.ReflectiveCallable.run(ReflectiveCallable.java:12)
	at org.junit.runners.model.FrameworkMethod.invokeExplosively(FrameworkMethod.java:56)
	at org.junit.internal.runners.statements.InvokeMethod.evaluate(InvokeMethod.java:17)
	at org.junit.runners.ParentRunner$3.evaluate(ParentRunner.java:306)
	at org.junit.runners.BlockJUnit4ClassRunner$1.evaluate(BlockJUnit4ClassRunner.java:100)
	at org.junit.runners.ParentRunner.runLeaf(ParentRunner.java:366)
	at org.junit.runners.BlockJUnit4ClassRunner.runChild(BlockJUnit4ClassRunner.java:103)
	at org.junit.runners.BlockJUnit4ClassRunner.runChild(BlockJUnit4ClassRunner.java:63)
	at org.junit.runners.ParentRunner$4.run(ParentRunner.java:331)
	at org.junit.runners.ParentRunner$1.schedule(ParentRunner.java:79)
	at org.junit.runners.ParentRunner.runChildren(ParentRunner.java:329)
	at org.junit.runners.ParentRunner.access$100(ParentRunner.java:66)
	at org.junit.runners.ParentRunner$2.evaluate(ParentRunner.java:293)
	at org.junit.runners.ParentRunner$3.evaluate(ParentRunner.java:306)
	at org.junit.runners.ParentRunner.run(ParentRunner.java:413)
	at org.apache.maven.surefire.junit4.JUnit4Provider.execute(JUnit4Provider.java:316)
	at org.apache.maven.surefire.junit4.JUnit4Provider.executeWithRerun(JUnit4Provider.java:240)
	at org.apache.maven.surefire.junit4.JUnit4Provider.executeTestSet(JUnit4Provider.java:214)
	at org.apache.maven.surefire.junit4.JUnit4Provider.invoke(JUnit4Provider.java:155)
	at org.apache.maven.surefire.booter.ForkedBooter.runSuitesInProcess(ForkedBooter.java:385)
	at org.apache.maven.surefire.booter.ForkedBooter.execute(ForkedBooter.java:162)
	at org.apache.maven.surefire.booter.ForkedBooter.run(ForkedBooter.java:507)
	at org.apache.maven.surefire.booter.ForkedBooter.main(ForkedBooter.java:495)

[ERROR] com.google.zxing.datamatrix.encoder.HighLevelEncodeTestCase.testX12Unlatch -- Time elapsed: 0 s <<< ERROR!
java.lang.IndexOutOfBoundsException: 7
	at com.google.zxing.common.MinimalECIInput.isECI(MinimalECIInput.java:160)
	at com.google.zxing.datamatrix.encoder.MinimalEncoder.addEdges(MinimalEncoder.java:203)
	at com.google.zxing.datamatrix.encoder.MinimalEncoder.encodeMinimally(MinimalEncoder.java:251)
	at com.google.zxing.datamatrix.encoder.MinimalEncoder.encode(MinimalEncoder.java:151)
	at com.google.zxing.datamatrix.encoder.MinimalEncoder.encodeHighLevel(MinimalEncoder.java:133)
	at com.google.zxing.datamatrix.encoder.MinimalEncoder.encodeHighLevel(MinimalEncoder.java:108)
	at com.google.zxing.datamatrix.encoder.HighLevelEncodeTestCase.encodeHighLevel(HighLevelEncodeTestCase.java:540)
	at com.google.zxing.datamatrix.encoder.HighLevelEncodeTestCase.encodeHighLevel(HighLevelEncodeTestCase.java:535)
	at com.google.zxing.datamatrix.encoder.HighLevelEncodeTestCase.testX12Unlatch(HighLevelEncodeTestCase.java:322)
	at java.base/jdk.internal.reflect.NativeMethodAccessorImpl.invoke0(Native Method)
	at java.base/jdk.internal.reflect.NativeMethodAccessorImpl.invoke(NativeMethodAccessorImpl.java:77)
	at java.base/jdk.internal.reflect.DelegatingMethodAccessorImpl.invoke(DelegatingMethodAccessorImpl.java:43)
	at java.base/java.lang.reflect.Method.invoke(Method.java:568)
	at org.junit.runners.model.FrameworkMethod$1.runReflectiveCall(FrameworkMethod.java:59)
	at org.junit.internal.runners.model.ReflectiveCallable.run(ReflectiveCallable.java:12)
	at org.junit.runners.model.FrameworkMethod.invokeExplosively(FrameworkMethod.java:56)
	at org.junit.internal.runners.statements.InvokeMethod.evaluate(InvokeMethod.java:17)
	at org.junit.runners.ParentRunner$3.evaluate(ParentRunner.java:306)
	at org.junit.runners.BlockJUnit4ClassRunner$1.evaluate(BlockJUnit4ClassRunner.java:100)
	at org.junit.runners.ParentRunner.runLeaf(ParentRunner.java:366)
	at org.junit.runners.BlockJUnit4ClassRunner.runChild(BlockJUnit4ClassRunner.java:103)
	at org.junit.runners.BlockJUnit4ClassRunner.runChild(BlockJUnit4ClassRunner.java:63)
	at org.junit.runners.ParentRunner$4.run(ParentRunner.java:331)
	at org.junit.runners.ParentRunner$1.schedule(ParentRunner.java:79)
	at org.junit.runners.ParentRunner.runChildren(ParentRunner.java:329)
	at org.junit.runners.ParentRunner.access$100(ParentRunner.java:66)
	at org.junit.runners.ParentRunner$2.evaluate(ParentRunner.java:293)
	at org.junit.runners.ParentRunner$3.evaluate(ParentRunner.java:306)
	at org.junit.runners.ParentRunner.run(ParentRunner.java:413)
	at org.apache.maven.surefire.junit4.JUnit4Provider.execute(JUnit4Provider.java:316)
	at org.apache.maven.surefire.junit4.JUnit4Provider.executeWithRerun(JUnit4Provider.java:240)
	at org.apache.maven.surefire.junit4.JUnit4Provider.executeTestSet(JUnit4Provider.java:214)
	at org.apache.maven.surefire.junit4.JUnit4Provider.invoke(JUnit4Provider.java:155)
	at org.apache.maven.surefire.booter.ForkedBooter.runSuitesInProcess(ForkedBooter.java:385)
	at org.apache.maven.surefire.booter.ForkedBooter.execute(ForkedBooter.java:162)
	at org.apache.maven.surefire.booter.ForkedBooter.run(ForkedBooter.java:507)
	at org.apache.maven.surefire.booter.ForkedBooter.main(ForkedBooter.java:495)

[ERROR] com.google.zxing.datamatrix.encoder.HighLevelEncodeTestCase.testC40EncodationSpecExample -- Time elapsed: 0 s <<< ERROR!
java.lang.IndexOutOfBoundsException: 24
	at com.google.zxing.common.MinimalECIInput.isECI(MinimalECIInput.java:160)
	at com.google.zxing.datamatrix.encoder.MinimalEncoder.addEdges(MinimalEncoder.java:203)
	at com.google.zxing.datamatrix.encoder.MinimalEncoder.encodeMinimally(MinimalEncoder.java:251)
	at com.google.zxing.datamatrix.encoder.MinimalEncoder.encode(MinimalEncoder.java:151)
	at com.google.zxing.datamatrix.encoder.MinimalEncoder.encodeHighLevel(MinimalEncoder.java:133)
	at com.google.zxing.datamatrix.encoder.MinimalEncoder.encodeHighLevel(MinimalEncoder.java:108)
	at com.google.zxing.datamatrix.encoder.HighLevelEncodeTestCase.encodeHighLevel(HighLevelEncodeTestCase.java:540)
	at com.google.zxing.datamatrix.encoder.HighLevelEncodeTestCase.encodeHighLevel(HighLevelEncodeTestCase.java:535)
	at com.google.zxing.datamatrix.encoder.HighLevelEncodeTestCase.testC40EncodationSpecExample(HighLevelEncodeTestCase.java:104)
	at java.base/jdk.internal.reflect.NativeMethodAccessorImpl.invoke0(Native Method)
	at java.base/jdk.internal.reflect.NativeMethodAccessorImpl.invoke(NativeMethodAccessorImpl.java:77)
	at java.base/jdk.internal.reflect.DelegatingMethodAccessorImpl.invoke(DelegatingMethodAccessorImpl.java:43)
	at java.base/java.lang.reflect.Method.invoke(Method.java:568)
	at org.junit.runners.model.FrameworkMethod$1.runReflectiveCall(FrameworkMethod.java:59)
	at org.junit.internal.runners.model.ReflectiveCallable.run(ReflectiveCallable.java:12)
	at org.junit.runners.model.FrameworkMethod.invokeExplosively(FrameworkMethod.java:56)
	at org.junit.internal.runners.statements.InvokeMethod.evaluate(InvokeMethod.java:17)
	at org.junit.runners.ParentRunner$3.evaluate(ParentRunner.java:306)
	at org.junit.runners.BlockJUnit4ClassRunner$1.evaluate(BlockJUnit4ClassRunner.java:100)
	at org.junit.runners.ParentRunner.runLeaf(ParentRunner.java:366)
	at org.junit.runners.BlockJUnit4ClassRunner.runChild(BlockJUnit4ClassRunner.java:103)
	at org.junit.runners.BlockJUnit4ClassRunner.runChild(BlockJUnit4ClassRunner.java:63)
	at org.junit.runners.ParentRunner$4.run(ParentRunner.java:331)
	at org.junit.runners.ParentRunner$1.schedule(ParentRunner.java:79)
	at org.junit.runners.ParentRunner.runChildren(ParentRunner.java:329)
	at org.junit.runners.ParentRunner.access$100(ParentRunner.java:66)
	at org.junit.runners.ParentRunner$2.evaluate(ParentRunner.java:293)
	at org.junit.runners.ParentRunner$3.evaluate(ParentRunner.java:306)
	at org.junit.runners.ParentRunner.run(ParentRunner.java:413)
	at org.apache.maven.surefire.junit4.JUnit4Provider.execute(JUnit4Provider.java:316)
	at org.apache.maven.surefire.junit4.JUnit4Provider.executeWithRerun(JUnit4Provider.java:240)
	at org.apache.maven.surefire.junit4.JUnit4Provider.executeTestSet(JUnit4Provider.java:214)
	at org.apache.maven.surefire.junit4.JUnit4Provider.invoke(JUnit4Provider.java:155)
	at org.apache.maven.surefire.booter.ForkedBooter.runSuitesInProcess(ForkedBooter.java:385)
	at org.apache.maven.surefire.booter.ForkedBooter.execute(ForkedBooter.java:162)
	at org.apache.maven.surefire.booter.ForkedBooter.run(ForkedBooter.java:507)
	at org.apache.maven.surefire.booter.ForkedBooter.main(ForkedBooter.java:495)

[ERROR] com.google.zxing.datamatrix.encoder.HighLevelEncodeTestCase.testEDIFACTEncodation -- Time elapsed: 0 s <<< ERROR!
java.lang.IndexOutOfBoundsException: 28
	at com.google.zxing.common.MinimalECIInput.isECI(MinimalECIInput.java:160)
	at com.google.zxing.datamatrix.encoder.MinimalEncoder.addEdges(MinimalEncoder.java:203)
	at com.google.zxing.datamatrix.encoder.MinimalEncoder.encodeMinimally(MinimalEncoder.java:251)
	at com.google.zxing.datamatrix.encoder.MinimalEncoder.encode(MinimalEncoder.java:151)
	at com.google.zxing.datamatrix.encoder.MinimalEncoder.encodeHighLevel(MinimalEncoder.java:133)
	at com.google.zxing.datamatrix.encoder.MinimalEncoder.encodeHighLevel(MinimalEncoder.java:108)
	at com.google.zxing.datamatrix.encoder.HighLevelEncodeTestCase.encodeHighLevel(HighLevelEncodeTestCase.java:540)
	at com.google.zxing.datamatrix.encoder.HighLevelEncodeTestCase.encodeHighLevel(HighLevelEncodeTestCase.java:535)
	at com.google.zxing.datamatrix.encoder.HighLevelEncodeTestCase.testEDIFACTEncodation(HighLevelEncodeTestCase.java:194)
	at java.base/jdk.internal.reflect.NativeMethodAccessorImpl.invoke0(Native Method)
	at java.base/jdk.internal.reflect.NativeMethodAccessorImpl.invoke(NativeMethodAccessorImpl.java:77)
	at java.base/jdk.internal.reflect.DelegatingMethodAccessorImpl.invoke(DelegatingMethodAccessorImpl.java:43)
	at java.base/java.lang.reflect.Method.invoke(Method.java:568)
	at org.junit.runners.model.FrameworkMethod$1.runReflectiveCall(FrameworkMethod.java:59)
	at org.junit.internal.runners.model.ReflectiveCallable.run(ReflectiveCallable.java:12)
	at org.junit.runners.model.FrameworkMethod.invokeExplosively(FrameworkMethod.java:56)
	at org.junit.internal.runners.statements.InvokeMethod.evaluate(InvokeMethod.java:17)
	at org.junit.runners.ParentRunner$3.evaluate(ParentRunner.java:306)
	at org.junit.runners.BlockJUnit4ClassRunner$1.evaluate(BlockJUnit4ClassRunner.java:100)
	at org.junit.runners.ParentRunner.runLeaf(ParentRunner.java:366)
	at org.junit.runners.BlockJUnit4ClassRunner.runChild(BlockJUnit4ClassRunner.java:103)
	at org.junit.runners.BlockJUnit4ClassRunner.runChild(BlockJUnit4ClassRunner.java:63)
	at org.junit.runners.ParentRunner$4.run(ParentRunner.java:331)
	at org.junit.runners.ParentRunner$1.schedule(ParentRunner.java:79)
	at org.junit.runners.ParentRunner.runChildren(ParentRunner.java:329)
	at org.junit.runners.ParentRunner.access$100(ParentRunner.java:66)
	at org.junit.runners.ParentRunner$2.evaluate(ParentRunner.java:293)
	at org.junit.runners.ParentRunner$3.evaluate(ParentRunner.java:306)
	at org.junit.runners.ParentRunner.run(ParentRunner.java:413)
	at org.apache.maven.surefire.junit4.JUnit4Provider.execute(JUnit4Provider.java:316)
	at org.apache.maven.surefire.junit4.JUnit4Provider.executeWithRerun(JUnit4Provider.java:240)
	at org.apache.maven.surefire.junit4.JUnit4Provider.executeTestSet(JUnit4Provider.java:214)
	at org.apache.maven.surefire.junit4.JUnit4Provider.invoke(JUnit4Provider.java:155)
	at org.apache.maven.surefire.booter.ForkedBooter.runSuitesInProcess(ForkedBooter.java:385)
	at org.apache.maven.surefire.booter.ForkedBooter.execute(ForkedBooter.java:162)
	at org.apache.maven.surefire.booter.ForkedBooter.run(ForkedBooter.java:507)
	at org.apache.maven.surefire.booter.ForkedBooter.main(ForkedBooter.java:495)

[ERROR] com.google.zxing.datamatrix.encoder.HighLevelEncodeTestCase.testBug1664266 -- Time elapsed: 0.016 s <<< ERROR!
java.lang.IndexOutOfBoundsException: 10
	at com.google.zxing.common.MinimalECIInput.isECI(MinimalECIInput.java:160)
	at com.google.zxing.datamatrix.encoder.MinimalEncoder.addEdges(MinimalEncoder.java:203)
	at com.google.zxing.datamatrix.encoder.MinimalEncoder.encodeMinimally(MinimalEncoder.java:251)
	at com.google.zxing.datamatrix.encoder.MinimalEncoder.encode(MinimalEncoder.java:151)
	at com.google.zxing.datamatrix.encoder.MinimalEncoder.encodeHighLevel(MinimalEncoder.java:133)
	at com.google.zxing.datamatrix.encoder.MinimalEncoder.encodeHighLevel(MinimalEncoder.java:108)
	at com.google.zxing.datamatrix.encoder.HighLevelEncodeTestCase.encodeHighLevel(HighLevelEncodeTestCase.java:540)
	at com.google.zxing.datamatrix.encoder.HighLevelEncodeTestCase.encodeHighLevel(HighLevelEncodeTestCase.java:535)
	at com.google.zxing.datamatrix.encoder.HighLevelEncodeTestCase.testBug1664266(HighLevelEncodeTestCase.java:310)
	at java.base/jdk.internal.reflect.NativeMethodAccessorImpl.invoke0(Native Method)
	at java.base/jdk.internal.reflect.NativeMethodAccessorImpl.invoke(NativeMethodAccessorImpl.java:77)
	at java.base/jdk.internal.reflect.DelegatingMethodAccessorImpl.invoke(DelegatingMethodAccessorImpl.java:43)
	at java.base/java.lang.reflect.Method.invoke(Method.java:568)
	at org.junit.runners.model.FrameworkMethod$1.runReflectiveCall(FrameworkMethod.java:59)
	at org.junit.internal.runners.model.ReflectiveCallable.run(ReflectiveCallable.java:12)
	at org.junit.runners.model.FrameworkMethod.invokeExplosively(FrameworkMethod.java:56)
	at org.junit.internal.runners.statements.InvokeMethod.evaluate(InvokeMethod.java:17)
	at org.junit.runners.ParentRunner$3.evaluate(ParentRunner.java:306)
	at org.junit.runners.BlockJUnit4ClassRunner$1.evaluate(BlockJUnit4ClassRunner.java:100)
	at org.junit.runners.ParentRunner.runLeaf(ParentRunner.java:366)
	at org.junit.runners.BlockJUnit4ClassRunner.runChild(BlockJUnit4ClassRunner.java:103)
	at org.junit.runners.BlockJUnit4ClassRunner.runChild(BlockJUnit4ClassRunner.java:63)
	at org.junit.runners.ParentRunner$4.run(ParentRunner.java:331)
	at org.junit.runners.ParentRunner$1.schedule(ParentRunner.java:79)
	at org.junit.runners.ParentRunner.runChildren(ParentRunner.java:329)
	at org.junit.runners.ParentRunner.access$100(ParentRunner.java:66)
	at org.junit.runners.ParentRunner$2.evaluate(ParentRunner.java:293)
	at org.junit.runners.ParentRunner$3.evaluate(ParentRunner.java:306)
	at org.junit.runners.ParentRunner.run(ParentRunner.java:413)
	at org.apache.maven.surefire.junit4.JUnit4Provider.execute(JUnit4Provider.java:316)
	at org.apache.maven.surefire.junit4.JUnit4Provider.executeWithRerun(JUnit4Provider.java:240)
	at org.apache.maven.surefire.junit4.JUnit4Provider.executeTestSet(JUnit4Provider.java:214)
	at org.apache.maven.surefire.junit4.JUnit4Provider.invoke(JUnit4Provider.java:155)
	at org.apache.maven.surefire.booter.ForkedBooter.runSuitesInProcess(ForkedBooter.java:385)
	at org.apache.maven.surefire.booter.ForkedBooter.execute(ForkedBooter.java:162)
	at org.apache.maven.surefire.booter.ForkedBooter.run(ForkedBooter.java:507)
	at org.apache.maven.surefire.booter.ForkedBooter.main(ForkedBooter.java:495)

[ERROR] com.google.zxing.datamatrix.encoder.HighLevelEncodeTestCase.testX12AndEDIFACTSpecErrors -- Time elapsed: 0 s <<< ERROR!
java.lang.IndexOutOfBoundsException: 44
	at com.google.zxing.common.MinimalECIInput.isECI(MinimalECIInput.java:160)
	at com.google.zxing.datamatrix.encoder.MinimalEncoder.addEdges(MinimalEncoder.java:203)
	at com.google.zxing.datamatrix.encoder.MinimalEncoder.encodeMinimally(MinimalEncoder.java:251)
	at com.google.zxing.datamatrix.encoder.MinimalEncoder.encode(MinimalEncoder.java:151)
	at com.google.zxing.datamatrix.encoder.MinimalEncoder.encodeHighLevel(MinimalEncoder.java:133)
	at com.google.zxing.datamatrix.encoder.MinimalEncoder.encodeHighLevel(MinimalEncoder.java:108)
	at com.google.zxing.datamatrix.encoder.HighLevelEncodeTestCase.encodeHighLevel(HighLevelEncodeTestCase.java:540)
	at com.google.zxing.datamatrix.encoder.HighLevelEncodeTestCase.encodeHighLevel(HighLevelEncodeTestCase.java:535)
	at com.google.zxing.datamatrix.encoder.HighLevelEncodeTestCase.testX12AndEDIFACTSpecErrors(HighLevelEncodeTestCase.java:360)
	at java.base/jdk.internal.reflect.NativeMethodAccessorImpl.invoke0(Native Method)
	at java.base/jdk.internal.reflect.NativeMethodAccessorImpl.invoke(NativeMethodAccessorImpl.java:77)
	at java.base/jdk.internal.reflect.DelegatingMethodAccessorImpl.invoke(DelegatingMethodAccessorImpl.java:43)
	at java.base/java.lang.reflect.Method.invoke(Method.java:568)
	at org.junit.runners.model.FrameworkMethod$1.runReflectiveCall(FrameworkMethod.java:59)
	at org.junit.internal.runners.model.ReflectiveCallable.run(ReflectiveCallable.java:12)
	at org.junit.runners.model.FrameworkMethod.invokeExplosively(FrameworkMethod.java:56)
	at org.junit.internal.runners.statements.InvokeMethod.evaluate(InvokeMethod.java:17)
	at org.junit.runners.ParentRunner$3.evaluate(ParentRunner.java:306)
	at org.junit.runners.BlockJUnit4ClassRunner$1.evaluate(BlockJUnit4ClassRunner.java:100)
	at org.junit.runners.ParentRunner.runLeaf(ParentRunner.java:366)
	at org.junit.runners.BlockJUnit4ClassRunner.runChild(BlockJUnit4ClassRunner.java:103)
	at org.junit.runners.BlockJUnit4ClassRunner.runChild(BlockJUnit4ClassRunner.java:63)
	at org.junit.runners.ParentRunner$4.run(ParentRunner.java:331)
	at org.junit.runners.ParentRunner$1.schedule(ParentRunner.java:79)
	at org.junit.runners.ParentRunner.runChildren(ParentRunner.java:329)
	at org.junit.runners.ParentRunner.access$100(ParentRunner.java:66)
	at org.junit.runners.ParentRunner$2.evaluate(ParentRunner.java:293)
	at org.junit.runners.ParentRunner$3.evaluate(ParentRunner.java:306)
	at org.junit.runners.ParentRunner.run(ParentRunner.java:413)
	at org.apache.maven.surefire.junit4.JUnit4Provider.execute(JUnit4Provider.java:316)
	at org.apache.maven.surefire.junit4.JUnit4Provider.executeWithRerun(JUnit4Provider.java:240)
	at org.apache.maven.surefire.junit4.JUnit4Provider.executeTestSet(JUnit4Provider.java:214)
	at org.apache.maven.surefire.junit4.JUnit4Provider.invoke(JUnit4Provider.java:155)
	at org.apache.maven.surefire.booter.ForkedBooter.runSuitesInProcess(ForkedBooter.java:385)
	at org.apache.maven.surefire.booter.ForkedBooter.execute(ForkedBooter.java:162)
	at org.apache.maven.surefire.booter.ForkedBooter.run(ForkedBooter.java:507)
	at org.apache.maven.surefire.booter.ForkedBooter.main(ForkedBooter.java:495)

[ERROR] com.google.zxing.datamatrix.encoder.HighLevelEncodeTestCase.testUnlatchingFromText -- Time elapsed: 0.004 s <<< ERROR!
java.lang.IndexOutOfBoundsException: 20
	at com.google.zxing.common.MinimalECIInput.isECI(MinimalECIInput.java:160)
	at com.google.zxing.datamatrix.encoder.MinimalEncoder.addEdges(MinimalEncoder.java:203)
	at com.google.zxing.datamatrix.encoder.MinimalEncoder.encodeMinimally(MinimalEncoder.java:251)
	at com.google.zxing.datamatrix.encoder.MinimalEncoder.encode(MinimalEncoder.java:151)
	at com.google.zxing.datamatrix.encoder.MinimalEncoder.encodeHighLevel(MinimalEncoder.java:133)
	at com.google.zxing.datamatrix.encoder.MinimalEncoder.encodeHighLevel(MinimalEncoder.java:108)
	at com.google.zxing.datamatrix.encoder.HighLevelEncodeTestCase.encodeHighLevel(HighLevelEncodeTestCase.java:540)
	at com.google.zxing.datamatrix.encoder.HighLevelEncodeTestCase.encodeHighLevel(HighLevelEncodeTestCase.java:535)
	at com.google.zxing.datamatrix.encoder.HighLevelEncodeTestCase.testUnlatchingFromText(HighLevelEncodeTestCase.java:294)
	at java.base/jdk.internal.reflect.NativeMethodAccessorImpl.invoke0(Native Method)
	at java.base/jdk.internal.reflect.NativeMethodAccessorImpl.invoke(NativeMethodAccessorImpl.java:77)
	at java.base/jdk.internal.reflect.DelegatingMethodAccessorImpl.invoke(DelegatingMethodAccessorImpl.java:43)
	at java.base/java.lang.reflect.Method.invoke(Method.java:568)
	at org.junit.runners.model.FrameworkMethod$1.runReflectiveCall(FrameworkMethod.java:59)
	at org.junit.internal.runners.model.ReflectiveCallable.run(ReflectiveCallable.java:12)
	at org.junit.runners.model.FrameworkMethod.invokeExplosively(FrameworkMethod.java:56)
	at org.junit.internal.runners.statements.InvokeMethod.evaluate(InvokeMethod.java:17)
	at org.junit.runners.ParentRunner$3.evaluate(ParentRunner.java:306)
	at org.junit.runners.BlockJUnit4ClassRunner$1.evaluate(BlockJUnit4ClassRunner.java:100)
	at org.junit.runners.ParentRunner.runLeaf(ParentRunner.java:366)
	at org.junit.runners.BlockJUnit4ClassRunner.runChild(BlockJUnit4ClassRunner.java:103)
	at org.junit.runners.BlockJUnit4ClassRunner.runChild(BlockJUnit4ClassRunner.java:63)
	at org.junit.runners.ParentRunner$4.run(ParentRunner.java:331)
	at org.junit.runners.ParentRunner$1.schedule(ParentRunner.java:79)
	at org.junit.runners.ParentRunner.runChildren(ParentRunner.java:329)
	at org.junit.runners.ParentRunner.access$100(ParentRunner.java:66)
	at org.junit.runners.ParentRunner$2.evaluate(ParentRunner.java:293)
	at org.junit.runners.ParentRunner$3.evaluate(ParentRunner.java:306)
	at org.junit.runners.ParentRunner.run(ParentRunner.java:413)
	at org.apache.maven.surefire.junit4.JUnit4Provider.execute(JUnit4Provider.java:316)
	at org.apache.maven.surefire.junit4.JUnit4Provider.executeWithRerun(JUnit4Provider.java:240)
	at org.apache.maven.surefire.junit4.JUnit4Provider.executeTestSet(JUnit4Provider.java:214)
	at org.apache.maven.surefire.junit4.JUnit4Provider.invoke(JUnit4Provider.java:155)
	at org.apache.maven.surefire.booter.ForkedBooter.runSuitesInProcess(ForkedBooter.java:385)
	at org.apache.maven.surefire.booter.ForkedBooter.execute(ForkedBooter.java:162)
	at org.apache.maven.surefire.booter.ForkedBooter.run(ForkedBooter.java:507)
	at org.apache.maven.surefire.booter.ForkedBooter.main(ForkedBooter.java:495)

[ERROR] com.google.zxing.datamatrix.encoder.HighLevelEncodeTestCase.testHelloWorld -- Time elapsed: 0 s <<< ERROR!
java.lang.IndexOutOfBoundsException: 12
	at com.google.zxing.common.MinimalECIInput.isECI(MinimalECIInput.java:160)
	at com.google.zxing.datamatrix.encoder.MinimalEncoder.addEdges(MinimalEncoder.java:203)
	at com.google.zxing.datamatrix.encoder.MinimalEncoder.encodeMinimally(MinimalEncoder.java:251)
	at com.google.zxing.datamatrix.encoder.MinimalEncoder.encode(MinimalEncoder.java:151)
	at com.google.zxing.datamatrix.encoder.MinimalEncoder.encodeHighLevel(MinimalEncoder.java:133)
	at com.google.zxing.datamatrix.encoder.MinimalEncoder.encodeHighLevel(MinimalEncoder.java:108)
	at com.google.zxing.datamatrix.encoder.HighLevelEncodeTestCase.encodeHighLevel(HighLevelEncodeTestCase.java:540)
	at com.google.zxing.datamatrix.encoder.HighLevelEncodeTestCase.encodeHighLevel(HighLevelEncodeTestCase.java:535)
	at com.google.zxing.datamatrix.encoder.HighLevelEncodeTestCase.testHelloWorld(HighLevelEncodeTestCase.java:301)
	at java.base/jdk.internal.reflect.NativeMethodAccessorImpl.invoke0(Native Method)
	at java.base/jdk.internal.reflect.NativeMethodAccessorImpl.invoke(NativeMethodAccessorImpl.java:77)
	at java.base/jdk.internal.reflect.DelegatingMethodAccessorImpl.invoke(DelegatingMethodAccessorImpl.java:43)
	at java.base/java.lang.reflect.Method.invoke(Method.java:568)
	at org.junit.runners.model.FrameworkMethod$1.runReflectiveCall(FrameworkMethod.java:59)
	at org.junit.internal.runners.model.ReflectiveCallable.run(ReflectiveCallable.java:12)
	at org.junit.runners.model.FrameworkMethod.invokeExplosively(FrameworkMethod.java:56)
	at org.junit.internal.runners.statements.InvokeMethod.evaluate(InvokeMethod.java:17)
	at org.junit.runners.ParentRunner$3.evaluate(ParentRunner.java:306)
	at org.junit.runners.BlockJUnit4ClassRunner$1.evaluate(BlockJUnit4ClassRunner.java:100)
	at org.junit.runners.ParentRunner.runLeaf(ParentRunner.java:366)
	at org.junit.runners.BlockJUnit4ClassRunner.runChild(BlockJUnit4ClassRunner.java:103)
	at org.junit.runners.BlockJUnit4ClassRunner.runChild(BlockJUnit4ClassRunner.java:63)
	at org.junit.runners.ParentRunner$4.run(ParentRunner.java:331)
	at org.junit.runners.ParentRunner$1.schedule(ParentRunner.java:79)
	at org.junit.runners.ParentRunner.runChildren(ParentRunner.java:329)
	at org.junit.runners.ParentRunner.access$100(ParentRunner.java:66)
	at org.junit.runners.ParentRunner$2.evaluate(ParentRunner.java:293)
	at org.junit.runners.ParentRunner$3.evaluate(ParentRunner.java:306)
	at org.junit.runners.ParentRunner.run(ParentRunner.java:413)
	at org.apache.maven.surefire.junit4.JUnit4Provider.execute(JUnit4Provider.java:316)
	at org.apache.maven.surefire.junit4.JUnit4Provider.executeWithRerun(JUnit4Provider.java:240)
	at org.apache.maven.surefire.junit4.JUnit4Provider.executeTestSet(JUnit4Provider.java:214)
	at org.apache.maven.surefire.junit4.JUnit4Provider.invoke(JUnit4Provider.java:155)
	at org.apache.maven.surefire.booter.ForkedBooter.runSuitesInProcess(ForkedBooter.java:385)
	at org.apache.maven.surefire.booter.ForkedBooter.execute(ForkedBooter.java:162)
	at org.apache.maven.surefire.booter.ForkedBooter.run(ForkedBooter.java:507)
	at org.apache.maven.surefire.booter.ForkedBooter.main(ForkedBooter.java:495)

[INFO] Running com.google.zxing.datamatrix.encoder.PlacementTestCase
[INFO] Tests run: 1, Failures: 0, Errors: 0, Skipped: 0, Time elapsed: 0.006 s -- in com.google.zxing.datamatrix.encoder.PlacementTestCase
[INFO] Running com.google.zxing.datamatrix.encoder.SymbolInfoTestCase
[ERROR] Tests run: 1, Failures: 1, Errors: 0, Skipped: 0, Time elapsed: 0 s <<< FAILURE! -- in com.google.zxing.datamatrix.encoder.SymbolInfoTestCase
[ERROR] com.google.zxing.datamatrix.encoder.SymbolInfoTestCase.testSymbolInfo -- Time elapsed: 0 s <<< FAILURE!
java.lang.AssertionError: expected:<12> but was:<0>
	at org.junit.Assert.fail(Assert.java:89)
	at org.junit.Assert.failNotEquals(Assert.java:835)
	at org.junit.Assert.assertEquals(Assert.java:647)
	at org.junit.Assert.assertEquals(Assert.java:633)
	at com.google.zxing.datamatrix.encoder.SymbolInfoTestCase.testSymbolInfo(SymbolInfoTestCase.java:52)
	at java.base/jdk.internal.reflect.NativeMethodAccessorImpl.invoke0(Native Method)
	at java.base/jdk.internal.reflect.NativeMethodAccessorImpl.invoke(NativeMethodAccessorImpl.java:77)
	at java.base/jdk.internal.reflect.DelegatingMethodAccessorImpl.invoke(DelegatingMethodAccessorImpl.java:43)
	at java.base/java.lang.reflect.Method.invoke(Method.java:568)
	at org.junit.runners.model.FrameworkMethod$1.runReflectiveCall(FrameworkMethod.java:59)
	at org.junit.internal.runners.model.ReflectiveCallable.run(ReflectiveCallable.java:12)
	at org.junit.runners.model.FrameworkMethod.invokeExplosively(FrameworkMethod.java:56)
	at org.junit.internal.runners.statements.InvokeMethod.evaluate(InvokeMethod.java:17)
	at org.junit.runners.ParentRunner$3.evaluate(ParentRunner.java:306)
	at org.junit.runners.BlockJUnit4ClassRunner$1.evaluate(BlockJUnit4ClassRunner.java:100)
	at org.junit.runners.ParentRunner.runLeaf(ParentRunner.java:366)
	at org.junit.runners.BlockJUnit4ClassRunner.runChild(BlockJUnit4ClassRunner.java:103)
	at org.junit.runners.BlockJUnit4ClassRunner.runChild(BlockJUnit4ClassRunner.java:63)
	at org.junit.runners.ParentRunner$4.run(ParentRunner.java:331)
	at org.junit.runners.ParentRunner$1.schedule(ParentRunner.java:79)
	at org.junit.runners.ParentRunner.runChildren(ParentRunner.java:329)
	at org.junit.runners.ParentRunner.access$100(ParentRunner.java:66)
	at org.junit.runners.ParentRunner$2.evaluate(ParentRunner.java:293)
	at org.junit.runners.ParentRunner$3.evaluate(ParentRunner.java:306)
	at org.junit.runners.ParentRunner.run(ParentRunner.java:413)
	at org.apache.maven.surefire.junit4.JUnit4Provider.execute(JUnit4Provider.java:316)
	at org.apache.maven.surefire.junit4.JUnit4Provider.executeWithRerun(JUnit4Provider.java:240)
	at org.apache.maven.surefire.junit4.JUnit4Provider.executeTestSet(JUnit4Provider.java:214)
	at org.apache.maven.surefire.junit4.JUnit4Provider.invoke(JUnit4Provider.java:155)
	at org.apache.maven.surefire.booter.ForkedBooter.runSuitesInProcess(ForkedBooter.java:385)
	at org.apache.maven.surefire.booter.ForkedBooter.execute(ForkedBooter.java:162)
	at org.apache.maven.surefire.booter.ForkedBooter.run(ForkedBooter.java:507)
	at org.apache.maven.surefire.booter.ForkedBooter.main(ForkedBooter.java:495)

[INFO] Running com.google.zxing.inverted.InvertedDataMatrixBlackBoxTestCase
[INFO] Tests run: 1, Failures: 0, Errors: 0, Skipped: 0, Time elapsed: 3.113 s -- in com.google.zxing.datamatrix.DataMatrixBlackBox1TestCase
[INFO] Running com.google.zxing.inverted.NoHintInvertedDataMatrixBlackBoxTestCase
[INFO] Tests run: 1, Failures: 0, Errors: 0, Skipped: 0, Time elapsed: 0.102 s -- in com.google.zxing.inverted.NoHintInvertedDataMatrixBlackBoxTestCase
[INFO] Running com.google.zxing.InvertedLuminanceSourceTestCase
[INFO] Tests run: 1, Failures: 0, Errors: 0, Skipped: 0, Time elapsed: 0.307 s -- in com.google.zxing.inverted.InvertedDataMatrixBlackBoxTestCase
[INFO] Tests run: 1, Failures: 0, Errors: 0, Skipped: 0, Time elapsed: 0.003 s -- in com.google.zxing.InvertedLuminanceSourceTestCase
[INFO] Running com.google.zxing.maxicode.Maxicode1TestCase
[INFO] Running com.google.zxing.multi.MultiTestCase
[INFO] Tests run: 1, Failures: 0, Errors: 0, Skipped: 0, Time elapsed: 0.046 s -- in com.google.zxing.multi.MultiTestCase
[INFO] Running com.google.zxing.multi.qrcode.MultiQRCodeTestCase
[INFO] Tests run: 2, Failures: 0, Errors: 0, Skipped: 0, Time elapsed: 0.052 s -- in com.google.zxing.multi.qrcode.MultiQRCodeTestCase
[INFO] Running com.google.zxing.negative.FalsePositives2BlackBoxTestCase
[INFO] Tests run: 1, Failures: 0, Errors: 0, Skipped: 0, Time elapsed: 0.294 s -- in com.google.zxing.maxicode.Maxicode1TestCase
[INFO] Running com.google.zxing.negative.FalsePositivesBlackBoxTestCase
[INFO] Tests run: 1, Failures: 0, Errors: 0, Skipped: 0, Time elapsed: 3.558 s -- in com.google.zxing.datamatrix.DataMatrixBlackBox2TestCase
[INFO] Running com.google.zxing.negative.PartialBlackBoxTestCase
[INFO] Tests run: 3, Failures: 0, Errors: 0, Skipped: 0, Time elapsed: 5.040 s -- in com.google.zxing.common.reedsolomon.ReedSolomonTestCase
[INFO] Running com.google.zxing.negative.UnsupportedBlackBoxTestCase
[INFO] Tests run: 1, Failures: 0, Errors: 0, Skipped: 0, Time elapsed: 2.351 s -- in com.google.zxing.negative.UnsupportedBlackBoxTestCase
[INFO] Running com.google.zxing.oned.CodabarBlackBox1TestCase
[INFO] Tests run: 1, Failures: 0, Errors: 0, Skipped: 0, Time elapsed: 0.399 s -- in com.google.zxing.oned.CodabarBlackBox1TestCase
[INFO] Running com.google.zxing.oned.CodaBarWriterTestCase
[INFO] Tests run: 3, Failures: 0, Errors: 0, Skipped: 0, Time elapsed: 0 s -- in com.google.zxing.oned.CodaBarWriterTestCase
[INFO] Running com.google.zxing.oned.Code128BlackBox1TestCase
[INFO] Tests run: 1, Failures: 0, Errors: 0, Skipped: 0, Time elapsed: 0.498 s -- in com.google.zxing.oned.Code128BlackBox1TestCase
[INFO] Running com.google.zxing.oned.Code128BlackBox2TestCase
[INFO] Tests run: 1, Failures: 0, Errors: 0, Skipped: 0, Time elapsed: 3.431 s -- in com.google.zxing.oned.Code128BlackBox2TestCase
[INFO] Running com.google.zxing.oned.Code128BlackBox3TestCase
[INFO] Tests run: 1, Failures: 0, Errors: 0, Skipped: 0, Time elapsed: 0.034 s -- in com.google.zxing.oned.Code128BlackBox3TestCase
[INFO] Running com.google.zxing.oned.Code128WriterTestCase
[INFO] Tests run: 19, Failures: 0, Errors: 0, Skipped: 0, Time elapsed: 0.022 s -- in com.google.zxing.oned.Code128WriterTestCase
[INFO] Running com.google.zxing.oned.Code39BlackBox1TestCase
[INFO] Tests run: 1, Failures: 0, Errors: 0, Skipped: 0, Time elapsed: 0.141 s -- in com.google.zxing.oned.Code39BlackBox1TestCase
[INFO] Running com.google.zxing.oned.Code39BlackBox3TestCase
[INFO] Tests run: 1, Failures: 0, Errors: 0, Skipped: 0, Time elapsed: 1.196 s -- in com.google.zxing.oned.Code39BlackBox3TestCase
[INFO] Running com.google.zxing.oned.Code39ExtendedBlackBox2TestCase
[INFO] Tests run: 1, Failures: 0, Errors: 0, Skipped: 0, Time elapsed: 0.016 s -- in com.google.zxing.oned.Code39ExtendedBlackBox2TestCase
[INFO] Running com.google.zxing.oned.Code39ExtendedModeTestCase
[INFO] Tests run: 1, Failures: 0, Errors: 0, Skipped: 0, Time elapsed: 0 s -- in com.google.zxing.oned.Code39ExtendedModeTestCase
[INFO] Running com.google.zxing.oned.Code39WriterTestCase
[INFO] Tests run: 1, Failures: 0, Errors: 0, Skipped: 0, Time elapsed: 0 s -- in com.google.zxing.oned.Code39WriterTestCase
[INFO] Running com.google.zxing.oned.Code93BlackBox1TestCase
[INFO] Tests run: 1, Failures: 0, Errors: 0, Skipped: 0, Time elapsed: 0.064 s -- in com.google.zxing.oned.Code93BlackBox1TestCase
[INFO] Running com.google.zxing.oned.Code93ReaderTestCase
[INFO] Tests run: 1, Failures: 0, Errors: 0, Skipped: 0, Time elapsed: 0.003 s -- in com.google.zxing.oned.Code93ReaderTestCase
[INFO] Running com.google.zxing.oned.Code93WriterTestCase
[INFO] Tests run: 2, Failures: 0, Errors: 0, Skipped: 0, Time elapsed: 0.003 s -- in com.google.zxing.oned.Code93WriterTestCase
[INFO] Running com.google.zxing.oned.EAN13BlackBox1TestCase
[INFO] Tests run: 1, Failures: 0, Errors: 0, Skipped: 0, Time elapsed: 11.98 s -- in com.google.zxing.negative.FalsePositives2BlackBoxTestCase
[INFO] Running com.google.zxing.oned.EAN13BlackBox2TestCase
[INFO] Tests run: 1, Failures: 0, Errors: 0, Skipped: 0, Time elapsed: 3.000 s -- in com.google.zxing.oned.EAN13BlackBox1TestCase
[INFO] Running com.google.zxing.oned.EAN13BlackBox3TestCase
[INFO] Tests run: 1, Failures: 0, Errors: 0, Skipped: 0, Time elapsed: 13.20 s -- in com.google.zxing.negative.FalsePositivesBlackBoxTestCase
[INFO] Running com.google.zxing.oned.EAN13BlackBox4TestCase
[INFO] Tests run: 1, Failures: 0, Errors: 0, Skipped: 0, Time elapsed: 0.796 s -- in com.google.zxing.oned.EAN13BlackBox3TestCase
[INFO] Running com.google.zxing.oned.EAN13BlackBox5BlurryTestCase
[INFO] Tests run: 1, Failures: 0, Errors: 0, Skipped: 0, Time elapsed: 1.174 s -- in com.google.zxing.oned.EAN13BlackBox4TestCase
[INFO] Running com.google.zxing.oned.EAN13WriterTestCase
[INFO] Tests run: 3, Failures: 0, Errors: 0, Skipped: 0, Time elapsed: 0 s -- in com.google.zxing.oned.EAN13WriterTestCase
[INFO] Running com.google.zxing.oned.EAN8BlackBox1TestCase
[INFO] Tests run: 1, Failures: 0, Errors: 0, Skipped: 0, Time elapsed: 0.077 s -- in com.google.zxing.oned.EAN8BlackBox1TestCase
[INFO] Running com.google.zxing.oned.EAN8WriterTestCase
[INFO] Tests run: 3, Failures: 0, Errors: 0, Skipped: 0, Time elapsed: 0 s -- in com.google.zxing.oned.EAN8WriterTestCase
[INFO] Running com.google.zxing.oned.EANManufacturerOrgSupportTest
[INFO] Tests run: 1, Failures: 0, Errors: 0, Skipped: 0, Time elapsed: 0 s -- in com.google.zxing.oned.EANManufacturerOrgSupportTest
[INFO] Running com.google.zxing.oned.ITFBlackBox1TestCase
[INFO] Tests run: 1, Failures: 0, Errors: 0, Skipped: 0, Time elapsed: 0.092 s -- in com.google.zxing.oned.ITFBlackBox1TestCase
[INFO] Running com.google.zxing.oned.ITFBlackBox2TestCase
[INFO] Tests run: 1, Failures: 0, Errors: 0, Skipped: 0, Time elapsed: 0.192 s -- in com.google.zxing.oned.ITFBlackBox2TestCase
[INFO] Running com.google.zxing.oned.ITFWriterTestCase
[INFO] Tests run: 2, Failures: 0, Errors: 0, Skipped: 0, Time elapsed: 0 s -- in com.google.zxing.oned.ITFWriterTestCase
[INFO] Running com.google.zxing.oned.rss.expanded.BinaryUtilTest
[INFO] Tests run: 2, Failures: 0, Errors: 0, Skipped: 0, Time elapsed: 0 s -- in com.google.zxing.oned.rss.expanded.BinaryUtilTest
[INFO] Running com.google.zxing.oned.rss.expanded.BitArrayBuilderTest
[INFO] Tests run: 1, Failures: 0, Errors: 0, Skipped: 0, Time elapsed: 0.005 s -- in com.google.zxing.oned.rss.expanded.BitArrayBuilderTest
[INFO] Running com.google.zxing.oned.rss.expanded.decoders.AI013103DecoderTest
[INFO] Tests run: 1, Failures: 0, Errors: 0, Skipped: 0, Time elapsed: 1.388 s -- in com.google.zxing.oned.EAN13BlackBox5BlurryTestCase
[INFO] Running com.google.zxing.oned.rss.expanded.decoders.AI0132023203DecoderTest
[INFO] Tests run: 2, Failures: 0, Errors: 0, Skipped: 0, Time elapsed: 0.010 s -- in com.google.zxing.oned.rss.expanded.decoders.AI0132023203DecoderTest
[INFO] Running com.google.zxing.oned.rss.expanded.decoders.AI013X0X1XDecoderTest
[INFO] Tests run: 9, Failures: 0, Errors: 0, Skipped: 0, Time elapsed: 0.001 s -- in com.google.zxing.oned.rss.expanded.decoders.AI013X0X1XDecoderTest
[INFO] Tests run: 3, Failures: 0, Errors: 0, Skipped: 0, Time elapsed: 0.015 s -- in com.google.zxing.oned.rss.expanded.decoders.AI013103DecoderTest
[INFO] Running com.google.zxing.oned.rss.expanded.decoders.AnyAIDecoderTest
[INFO] Running com.google.zxing.oned.rss.expanded.decoders.FieldParserTest
[INFO] Tests run: 2, Failures: 0, Errors: 0, Skipped: 0, Time elapsed: 0.004 s -- in com.google.zxing.oned.rss.expanded.decoders.FieldParserTest
[INFO] Running com.google.zxing.oned.rss.expanded.ExpandedInformationDecoderTest
[INFO] Tests run: 6, Failures: 0, Errors: 0, Skipped: 0, Time elapsed: 0.013 s -- in com.google.zxing.oned.rss.expanded.decoders.AnyAIDecoderTest
[INFO] Running com.google.zxing.oned.rss.expanded.RSSExpandedBlackBox1TestCase
[INFO] Tests run: 1, Failures: 0, Errors: 0, Skipped: 0, Time elapsed: 3.103 s -- in com.google.zxing.oned.EAN13BlackBox2TestCase
[INFO] Running com.google.zxing.oned.rss.expanded.RSSExpandedBlackBox2TestCase
[INFO] Tests run: 1, Failures: 0, Errors: 0, Skipped: 0, Time elapsed: 0.005 s -- in com.google.zxing.oned.rss.expanded.ExpandedInformationDecoderTest
[INFO] Running com.google.zxing.oned.rss.expanded.RSSExpandedBlackBox3TestCase
[INFO] Tests run: 1, Failures: 0, Errors: 0, Skipped: 0, Time elapsed: 0.813 s -- in com.google.zxing.oned.rss.expanded.RSSExpandedBlackBox1TestCase
[INFO] Running com.google.zxing.oned.rss.expanded.RSSExpandedImage2binaryTestCase
[INFO] Tests run: 18, Failures: 0, Errors: 0, Skipped: 0, Time elapsed: 0.084 s -- in com.google.zxing.oned.rss.expanded.RSSExpandedImage2binaryTestCase
[INFO] Running com.google.zxing.oned.rss.expanded.RSSExpandedImage2resultTestCase
[INFO] Tests run: 1, Failures: 0, Errors: 0, Skipped: 0, Time elapsed: 0.001 s -- in com.google.zxing.oned.rss.expanded.RSSExpandedImage2resultTestCase
[INFO] Running com.google.zxing.oned.rss.expanded.RSSExpandedImage2stringTestCase
[INFO] Tests run: 27, Failures: 0, Errors: 0, Skipped: 0, Time elapsed: 0.093 s -- in com.google.zxing.oned.rss.expanded.RSSExpandedImage2stringTestCase
[INFO] Running com.google.zxing.oned.rss.expanded.RSSExpandedInternalTestCase
[INFO] Tests run: 4, Failures: 0, Errors: 0, Skipped: 0, Time elapsed: 0.067 s -- in com.google.zxing.oned.rss.expanded.RSSExpandedInternalTestCase
[INFO] Running com.google.zxing.oned.rss.expanded.RSSExpandedStackedBlackBox1TestCase
[INFO] Tests run: 1, Failures: 0, Errors: 0, Skipped: 0, Time elapsed: 1.330 s -- in com.google.zxing.oned.rss.expanded.RSSExpandedBlackBox3TestCase
[INFO] Running com.google.zxing.oned.rss.expanded.RSSExpandedStackedBlackBox2TestCase
[INFO] Tests run: 1, Failures: 0, Errors: 0, Skipped: 0, Time elapsed: 15.20 s -- in com.google.zxing.negative.PartialBlackBoxTestCase
[INFO] Running com.google.zxing.oned.rss.expanded.RSSExpandedStackedInternalTestCase
[INFO] Tests run: 2, Failures: 0, Errors: 0, Skipped: 0, Time elapsed: 0.063 s -- in com.google.zxing.oned.rss.expanded.RSSExpandedStackedInternalTestCase
[INFO] Running com.google.zxing.oned.rss.RSS14BlackBox1TestCase
[INFO] Tests run: 1, Failures: 0, Errors: 0, Skipped: 0, Time elapsed: 0.291 s -- in com.google.zxing.oned.rss.RSS14BlackBox1TestCase
[INFO] Running com.google.zxing.oned.rss.RSS14BlackBox2TestCase
[INFO] Tests run: 1, Failures: 0, Errors: 0, Skipped: 0, Time elapsed: 0.534 s -- in com.google.zxing.oned.rss.expanded.RSSExpandedStackedBlackBox2TestCase
[INFO] Running com.google.zxing.oned.UPCABlackBox1TestCase
[INFO] Tests run: 1, Failures: 0, Errors: 0, Skipped: 0, Time elapsed: 1.241 s -- in com.google.zxing.oned.rss.expanded.RSSExpandedStackedBlackBox1TestCase
[INFO] Running com.google.zxing.oned.UPCABlackBox2TestCase
[INFO] Tests run: 1, Failures: 0, Errors: 0, Skipped: 0, Time elapsed: 1.622 s -- in com.google.zxing.oned.UPCABlackBox1TestCase
[INFO] Running com.google.zxing.oned.UPCABlackBox3ReflectiveTestCase
[INFO] Tests run: 1, Failures: 0, Errors: 0, Skipped: 0, Time elapsed: 2.399 s -- in com.google.zxing.oned.rss.RSS14BlackBox2TestCase
[INFO] Running com.google.zxing.oned.UPCABlackBox4TestCase
[INFO] Tests run: 1, Failures: 0, Errors: 0, Skipped: 0, Time elapsed: 2.437 s -- in com.google.zxing.oned.UPCABlackBox2TestCase
[INFO] Running com.google.zxing.oned.UPCABlackBox5TestCase
[INFO] Tests run: 1, Failures: 0, Errors: 0, Skipped: 0, Time elapsed: 4.798 s -- in com.google.zxing.oned.rss.expanded.RSSExpandedBlackBox2TestCase
[INFO] Running com.google.zxing.oned.UPCABlackBox6BlurryTestCase
[INFO] Tests run: 1, Failures: 0, Errors: 0, Skipped: 0, Time elapsed: 1.322 s -- in com.google.zxing.oned.UPCABlackBox3ReflectiveTestCase
[INFO] Running com.google.zxing.oned.UPCAWriterTestCase
[INFO] Tests run: 2, Failures: 0, Errors: 0, Skipped: 0, Time elapsed: 0.006 s -- in com.google.zxing.oned.UPCAWriterTestCase
[INFO] Running com.google.zxing.oned.UPCEANExtensionBlackBox1TestCase
[INFO] Tests run: 1, Failures: 0, Errors: 0, Skipped: 0, Time elapsed: 0.143 s -- in com.google.zxing.oned.UPCEANExtensionBlackBox1TestCase
[INFO] Running com.google.zxing.oned.UPCEBlackBox1TestCase
[INFO] Tests run: 1, Failures: 0, Errors: 0, Skipped: 0, Time elapsed: 0.032 s -- in com.google.zxing.oned.UPCEBlackBox1TestCase
[INFO] Running com.google.zxing.oned.UPCEBlackBox2TestCase
[INFO] Tests run: 1, Failures: 0, Errors: 0, Skipped: 0, Time elapsed: 1.154 s -- in com.google.zxing.oned.UPCEBlackBox2TestCase
[INFO] Running com.google.zxing.oned.UPCEBlackBox3ReflectiveTestCase
[INFO] Tests run: 1, Failures: 0, Errors: 0, Skipped: 0, Time elapsed: 1.466 s -- in com.google.zxing.oned.UPCABlackBox6BlurryTestCase
[INFO] Running com.google.zxing.oned.UPCEWriterTestCase
[INFO] Tests run: 4, Failures: 0, Errors: 0, Skipped: 0, Time elapsed: 0 s -- in com.google.zxing.oned.UPCEWriterTestCase
[INFO] Running com.google.zxing.pdf417.decoder.ec.ErrorCorrectionTestCase
[INFO] Tests run: 4, Failures: 0, Errors: 0, Skipped: 0, Time elapsed: 0.101 s -- in com.google.zxing.pdf417.decoder.ec.ErrorCorrectionTestCase
[INFO] Running com.google.zxing.pdf417.decoder.PDF417DecoderTestCase
[INFO] Tests run: 1, Failures: 0, Errors: 0, Skipped: 0, Time elapsed: 0.525 s -- in com.google.zxing.oned.UPCEBlackBox3ReflectiveTestCase
[INFO] Running com.google.zxing.pdf417.encoder.PDF417EncoderTestCase
[INFO] Tests run: 7, Failures: 0, Errors: 0, Skipped: 0, Time elapsed: 0.011 s -- in com.google.zxing.pdf417.encoder.PDF417EncoderTestCase
[INFO] Running com.google.zxing.pdf417.PDF417BlackBox1TestCase
[INFO] Tests run: 1, Failures: 0, Errors: 0, Skipped: 0, Time elapsed: 3.182 s -- in com.google.zxing.oned.UPCABlackBox4TestCase
[INFO] Running com.google.zxing.pdf417.PDF417BlackBox2TestCase
[INFO] Tests run: 1, Failures: 0, Errors: 0, Skipped: 0, Time elapsed: 1.250 s -- in com.google.zxing.pdf417.PDF417BlackBox2TestCase
[INFO] Running com.google.zxing.pdf417.PDF417BlackBox3TestCase
[INFO] Tests run: 1, Failures: 0, Errors: 0, Skipped: 0, Time elapsed: 1.728 s -- in com.google.zxing.pdf417.PDF417BlackBox3TestCase
[INFO] Running com.google.zxing.pdf417.PDF417BlackBox4TestCase
[INFO] Tests run: 1, Failures: 0, Errors: 0, Skipped: 0, Time elapsed: 0.452 s -- in com.google.zxing.pdf417.PDF417BlackBox4TestCase
[INFO] Running com.google.zxing.pdf417.PDF417WriterTestCase
[INFO] Tests run: 1, Failures: 0, Errors: 0, Skipped: 0, Time elapsed: 0.020 s -- in com.google.zxing.pdf417.PDF417WriterTestCase
[INFO] Running com.google.zxing.PlanarYUVLuminanceSourceTestCase
[INFO] Tests run: 3, Failures: 0, Errors: 0, Skipped: 0, Time elapsed: 0.004 s -- in com.google.zxing.PlanarYUVLuminanceSourceTestCase
[INFO] Running com.google.zxing.qrcode.decoder.DataMaskTestCase
[INFO] Tests run: 1, Failures: 0, Errors: 0, Skipped: 0, Time elapsed: 6.124 s -- in com.google.zxing.oned.UPCABlackBox5TestCase
[INFO] Running com.google.zxing.qrcode.decoder.DecodedBitStreamParserTestCase
[INFO] Tests run: 5, Failures: 0, Errors: 0, Skipped: 0, Time elapsed: 0.038 s -- in com.google.zxing.qrcode.decoder.DecodedBitStreamParserTestCase
[INFO] Running com.google.zxing.qrcode.decoder.ErrorCorrectionLevelTestCase
[INFO] Tests run: 2, Failures: 0, Errors: 0, Skipped: 0, Time elapsed: 0 s -- in com.google.zxing.qrcode.decoder.ErrorCorrectionLevelTestCase
[INFO] Running com.google.zxing.qrcode.decoder.FormatInformationTestCase
[INFO] Tests run: 4, Failures: 0, Errors: 0, Skipped: 0, Time elapsed: 0 s -- in com.google.zxing.qrcode.decoder.FormatInformationTestCase
[INFO] Running com.google.zxing.qrcode.decoder.ModeTestCase
[INFO] Tests run: 3, Failures: 0, Errors: 0, Skipped: 0, Time elapsed: 0 s -- in com.google.zxing.qrcode.decoder.ModeTestCase
[INFO] Running com.google.zxing.qrcode.decoder.VersionTestCase
[INFO] Tests run: 4, Failures: 0, Errors: 0, Skipped: 0, Time elapsed: 0 s -- in com.google.zxing.qrcode.decoder.VersionTestCase
[INFO] Running com.google.zxing.qrcode.encoder.BitVectorTestCase
[INFO] Tests run: 8, Failures: 0, Errors: 0, Skipped: 0, Time elapsed: 0.002 s -- in com.google.zxing.qrcode.encoder.BitVectorTestCase
[INFO] Running com.google.zxing.qrcode.encoder.EncoderTestCase
[INFO] Tests run: 69, Failures: 0, Errors: 0, Skipped: 0, Time elapsed: 0.173 s -- in com.google.zxing.qrcode.encoder.EncoderTestCase
[INFO] Running com.google.zxing.qrcode.encoder.MaskUtilTestCase
[INFO] Tests run: 5, Failures: 0, Errors: 0, Skipped: 0, Time elapsed: 0.004 s -- in com.google.zxing.qrcode.encoder.MaskUtilTestCase
[INFO] Running com.google.zxing.qrcode.encoder.MatrixUtilTestCase
[INFO] Tests run: 12, Failures: 0, Errors: 0, Skipped: 0, Time elapsed: 0.003 s -- in com.google.zxing.qrcode.encoder.MatrixUtilTestCase
[INFO] Running com.google.zxing.qrcode.encoder.QRCodeTestCase
[INFO] Tests run: 8, Failures: 0, Errors: 0, Skipped: 0, Time elapsed: 0.325 s -- in com.google.zxing.qrcode.decoder.DataMaskTestCase
[INFO] Tests run: 4, Failures: 0, Errors: 0, Skipped: 0, Time elapsed: 0.003 s -- in com.google.zxing.qrcode.encoder.QRCodeTestCase
[INFO] Running com.google.zxing.qrcode.QRCodeBlackBox1TestCase
[INFO] Running com.google.zxing.qrcode.QRCodeBlackBox2TestCase
[INFO] Tests run: 1, Failures: 0, Errors: 0, Skipped: 0, Time elapsed: 4.455 s -- in com.google.zxing.pdf417.PDF417BlackBox1TestCase
[INFO] Running com.google.zxing.qrcode.QRCodeBlackBox3TestCase
[INFO] Tests run: 34, Failures: 0, Errors: 0, Skipped: 0, Time elapsed: 9.191 s -- in com.google.zxing.pdf417.decoder.PDF417DecoderTestCase
[INFO] Running com.google.zxing.qrcode.QRCodeBlackBox4TestCase
[INFO] Tests run: 1, Failures: 0, Errors: 0, Skipped: 0, Time elapsed: 6.822 s -- in com.google.zxing.qrcode.QRCodeBlackBox3TestCase
[INFO] Running com.google.zxing.qrcode.QRCodeBlackBox5TestCase
[INFO] Tests run: 1, Failures: 0, Errors: 0, Skipped: 0, Time elapsed: 7.453 s -- in com.google.zxing.qrcode.QRCodeBlackBox2TestCase
[INFO] Running com.google.zxing.qrcode.QRCodeBlackBox6TestCase
[INFO] Tests run: 1, Failures: 0, Errors: 0, Skipped: 0, Time elapsed: 8.952 s -- in com.google.zxing.qrcode.QRCodeBlackBox1TestCase
[INFO] Running com.google.zxing.qrcode.QRCodeWriterTestCase
[INFO] Tests run: 2, Failures: 0, Errors: 0, Skipped: 0, Time elapsed: 0.016 s -- in com.google.zxing.qrcode.QRCodeWriterTestCase
[INFO] Running com.google.zxing.RGBLuminanceSourceTestCase
[INFO] Tests run: 4, Failures: 0, Errors: 0, Skipped: 0, Time elapsed: 0 s -- in com.google.zxing.RGBLuminanceSourceTestCase
[INFO] Tests run: 1, Failures: 0, Errors: 0, Skipped: 0, Time elapsed: 2.638 s -- in com.google.zxing.qrcode.QRCodeBlackBox5TestCase
[INFO] Tests run: 1, Failures: 0, Errors: 0, Skipped: 0, Time elapsed: 7.613 s -- in com.google.zxing.qrcode.QRCodeBlackBox4TestCase
[INFO] Tests run: 1, Failures: 0, Errors: 0, Skipped: 0, Time elapsed: 4.990 s -- in com.google.zxing.qrcode.QRCodeBlackBox6TestCase
[INFO] 
[INFO] Results:
[INFO] 
[ERROR] Failures: 
[ERROR]   SymbolInfoTestCase.testSymbolInfo:52->Assert.assertEquals:633->Assert.assertEquals:647->Assert.failNotEquals:835->Assert.fail:89 expected:<12> but was:<0>
[ERROR] Errors: 
[ERROR]   HighLevelEncodeTestCase.testASCIIEncodation:51->encodeHighLevel:535->encodeHighLevel:540 » IndexOutOfBounds 6
[ERROR]   HighLevelEncodeTestCase.testBase256Encodation:229->encodeHighLevel:535->encodeHighLevel:540 » IndexOutOfBounds 6
[ERROR]   HighLevelEncodeTestCase.testBug1664266:310->encodeHighLevel:535->encodeHighLevel:540 » IndexOutOfBounds 10
[ERROR]   HighLevelEncodeTestCase.testBug3048549:337->encodeHighLevel:535->encodeHighLevel:540 » IndexOutOfBounds 14
[ERROR]   HighLevelEncodeTestCase.testC40EncodationBasic1:64->encodeHighLevel:535->encodeHighLevel:540 » IndexOutOfBounds 9
[ERROR]   HighLevelEncodeTestCase.testC40EncodationBasic2:72->encodeHighLevel:535->encodeHighLevel:540 » IndexOutOfBounds 7
[ERROR]   HighLevelEncodeTestCase.testC40EncodationSpecExample:104->encodeHighLevel:535->encodeHighLevel:540 » IndexOutOfBounds 24
[ERROR]   HighLevelEncodeTestCase.testC40EncodationSpecialCases1:115->encodeHighLevel:540 » IndexOutOfBounds 18
[ERROR]   HighLevelEncodeTestCase.testC40EncodationSpecialCases2:140->encodeHighLevel:535->encodeHighLevel:540 » IndexOutOfBounds 20
[ERROR]   HighLevelEncodeTestCase.testECIs:499 » IndexOutOfBounds 127
[ERROR]   HighLevelEncodeTestCase.testEDIFACTEncodation:194->encodeHighLevel:535->encodeHighLevel:540 » IndexOutOfBounds 28
[ERROR]   HighLevelEncodeTestCase.testEncodingWithStartAsX12AndLatchToEDIFACTInTheMiddle:353->encodeHighLevel:535->encodeHighLevel:540 » IndexOutOfBounds 18
[ERROR]   HighLevelEncodeTestCase.testHelloWorld:301->encodeHighLevel:535->encodeHighLevel:540 » IndexOutOfBounds 12
[ERROR]   HighLevelEncodeTestCase.testMacroCharacters:345->encodeHighLevel:535->encodeHighLevel:540 » IndexOutOfBounds 9
[ERROR]   HighLevelEncodeTestCase.testPadding:522->encodeHighLevel:531 » IndexOutOfBounds 118
[ERROR]   HighLevelEncodeTestCase.testSizes:386->encodeHighLevel:531 » IndexOutOfBounds 1
[ERROR]   HighLevelEncodeTestCase.testTextEncodation:148->encodeHighLevel:535->encodeHighLevel:540 » IndexOutOfBounds 9
[ERROR]   HighLevelEncodeTestCase.testUnlatchingFromC40:287->encodeHighLevel:535->encodeHighLevel:540 » IndexOutOfBounds 21
[ERROR]   HighLevelEncodeTestCase.testUnlatchingFromText:294->encodeHighLevel:535->encodeHighLevel:540 » IndexOutOfBounds 20
[ERROR]   HighLevelEncodeTestCase.testX12AndEDIFACTSpecErrors:360->encodeHighLevel:535->encodeHighLevel:540 » IndexOutOfBounds 44
[ERROR]   HighLevelEncodeTestCase.testX12Encodation:172->encodeHighLevel:535->encodeHighLevel:540 » IndexOutOfBounds 13
[ERROR]   HighLevelEncodeTestCase.testX12Unlatch:322->encodeHighLevel:535->encodeHighLevel:540 » IndexOutOfBounds 7
[ERROR]   HighLevelEncodeTestCase.testX12Unlatch2:328->encodeHighLevel:535->encodeHighLevel:540 » IndexOutOfBounds 6
[INFO] 
[ERROR] Tests run: 542, Failures: 1, Errors: 23, Skipped: 0
[INFO] 
[INFO] ------------------------------------------------------------------------
[INFO] Reactor Summary for ZXing 3.5.4-SNAPSHOT:
[INFO] 
[INFO] ZXing .............................................. SUCCESS [  5.031 s]
[INFO] ZXing Core ......................................... FAILURE [ 54.423 s]
[INFO] ZXing Java SE extensions ........................... SKIPPED
[INFO] ZXing zxing.org web app ............................ SKIPPED
[INFO] ------------------------------------------------------------------------
[INFO] BUILD FAILURE
[INFO] ------------------------------------------------------------------------
[INFO] Total time:  59.608 s
[INFO] Finished at: 2025-07-11T13:52:22-03:00
[INFO] ------------------------------------------------------------------------
[ERROR] Failed to execute goal org.apache.maven.plugins:maven-surefire-plugin:3.2.5:test (default-test) on project core: There are test failures.
[ERROR] 
[ERROR] Please refer to C:\Users\Henrique\Documents\Github\reimo\pilot\data\repositories\zxing-master\core\target\surefire-reports for the individual test results.
[ERROR] Please refer to dump files (if any exist) [date].dump, [date]-jvmRun[N].dump and [date].dumpstream.
[ERROR] -> [Help 1]
[ERROR] 
[ERROR] To see the full stack trace of the errors, re-run Maven with the -e switch.
[ERROR] Re-run Maven using the -X switch to enable full debug logging.
[ERROR] 
[ERROR] For more information about the errors and possible solutions, please read the following articles:
[ERROR] [Help 1] http://cwiki.apache.org/confluence/display/MAVEN/MojoFailureException
[ERROR] 
[ERROR] After correcting the problems, you can resume the build with the command
[ERROR]   mvn <args> -rf :core
